<?xml version="1.0" encoding="UTF-8"?>
<!-- Generated by org.testng.reporters.JUnitXMLReporter -->
<testsuite ignored="0" hostname="WebCARE" failures="0" tests="9" name="Default test" time="235.435" errors="0" timestamp="2023-10-05T12:37:33 IST">
  <testcase classname="Demo_Sep_TestCases.demo_testcase_SearchHotel" name="test2" time="16.896"/>
  <testcase classname="Demo_Sep_TestCases.demo_testcase_SearchHotel" name="test2" time="14.68"/>
  <testcase classname="Demo_Sep_TestCases.demo_testcase_SearchHotel" name="test2" time="14.562"/>
  <testcase classname="Demo_Sep_TestCases.demo_testcase_SearchHotel" name="test2" time="14.438"/>
  <testcase classname="Demo_Sep_TestCases.demo_testcase_SearchHotel" name="test2" time="14.15"/>
  <testcase classname="Demo_Sep_TestCases.demo_testcase_SearchHotel" name="test2" time="15.471"/>
  <testcase classname="Demo_Sep_TestCases.demo_testcase_SearchHotel" name="test2" time="12.677"/>
  <testcase classname="Demo_Sep_TestCases.demo_testcase_SearchHotel" name="test2" time="12.893"/>
  <testcase classname="Demo_Sep_TestCases.demo_testcase_SearchHotel" name="test2" time="14.285"/>
</testsuite> <!-- Default test -->
