<?xml version="1.0" encoding="UTF-8"?>
<!-- Generated by org.testng.reporters.JUnitXMLReporter -->
<testsuite ignored="1" hostname="DESKTOP-PTTCL9E" failures="0" tests="3" name="Default test" time="67.487" errors="0" timestamp="2023-10-14T22:49:39 IST">
  <testcase classname="Demo_Sep_TestCases.demo_testcase_SearchHotel" name="validatehotelSelectTitle" time="15.116"/>
  <testcase classname="Demo_Sep_TestCases.demo_testcase_SearchHotel" name="validatehotelSelectTitle" time="14.873"/>
  <testcase classname="Demo_Sep_TestCases.demo_testcase_105" name="verify_date_time" time="0.001"/>
  <testcase classname="Demo_Sep_TestCases.demo_testcase_SearchHotel" name="validateErrorMessage" time="0.0">
    <ignored/>
  </testcase> <!-- validateErrorMessage -->
</testsuite> <!-- Default test -->
