<!DOCTYPE html PUBLIC "-//W3C//DTD XHTML 1.1//EN" "https://www.w3.org/TR/xhtml11/DTD/xhtml11.dtd">
<html xmlns="https://www.w3.org/1999/xhtml">
<head>
<meta http-equiv="content-type" content="text/html; charset=UTF-8"/>
<title>TestNG Report</title>
<style type="text/css">table {margin-bottom:10px;border-collapse:collapse;empty-cells:show}th,td {border:1px solid #009;padding:.25em .5em}th {vertical-align:bottom}td {vertical-align:top}table a {font-weight:bold}.stripe td {background-color: #E6EBF9}.num {text-align:right}.passedodd td {background-color: #3F3}.passedeven td {background-color: #0A0}.skippedodd td {background-color: #DDD}.skippedeven td {background-color: #CCC}.failedodd td,.attn {background-color: #F33}.failedeven td,.stripe .attn {background-color: #D00}.stacktrace {white-space:pre;font-family:monospace}.totop {font-size:85%;text-align:center;border-bottom:2px solid #000}.invisible {display:none}</style>
</head>
<body>
<table>
<tr><th>Test</th><th># Passed</th><th># Skipped</th><th># Retried</th><th># Failed</th><th>Time (ms)</th><th>Included Groups</th><th>Excluded Groups</th></tr>
<tr><th colspan="8">Suite</th></tr>
<tr><td><a href="#t0">Test</a></td><td class="num">0</td><td class="num">0</td><td class="num">0</td><td class="num attn">17</td><td class="num">4,252</td><td>regression, smoke, integration</td><td></td></tr>
</table>
<table id='summary'><thead><tr><th>Class</th><th>Method</th><th>Start</th><th>Time (ms)</th></tr></thead><tbody><tr><th colspan="4">Suite</th></tr></tbody><tbody id="t0"><tr><th colspan="4">Test &#8212; failed</th></tr><tr class="failedeven"><td rowspan="2">Demo_Sep_TestCases.BOOK_HOTEL_PRICE_TEST</td><td><a href="#m0">validatehotelSelectTitle</a></td><td rowspan="1">1698771624899</td><td rowspan="1">0</td></tr><tr class="failedeven"><td><a href="#m1">vlaidate_pricefield_bookedhotel_Page</a></td><td rowspan="1">1698771625073</td><td rowspan="1">7</td></tr><tr class="failedodd"><td rowspan="1">Demo_Sep_TestCases.BOOK_HOTEL_SUCCESSFUL_BOOKING</td><td><a href="#m2">validateBookHotel</a></td><td rowspan="1">1698771624687</td><td rowspan="1">17</td></tr><tr class="failedeven"><td rowspan="1">Demo_Sep_TestCases.HOMEPAGE_CURRENTURLVERIFICATION</td><td><a href="#m3">VerifyHoomepageCurrentUrl</a></td><td rowspan="1">1698771624708</td><td rowspan="1">12</td></tr><tr class="failedodd"><td rowspan="1">Demo_Sep_TestCases.HOMEPAGE_TITLE_VERIFICATION</td><td><a href="#m4">validateHomepageTitle</a></td><td rowspan="1">1698771624888</td><td rowspan="1">6</td></tr><tr class="failedeven"><td rowspan="1">Demo_Sep_TestCases.SEARCH_HOTEL_DATEINTEGRATIONIT</td><td><a href="#m5">verify_date_time</a></td><td rowspan="1">1698771624862</td><td rowspan="1">23</td></tr><tr class="failedodd"><td rowspan="11">Demo_Sep_TestCases.SEARCH_HOTEL_HOTELCONFIRMATION</td><td><a href="#m6">validateErrorMessage</a></td><td rowspan="9">1698771623881</td><td rowspan="9">4</td></tr><tr class="failedodd"><td><a href="#m7">validateErrorMessage</a></td></tr><tr class="failedodd"><td><a href="#m8">validateErrorMessage</a></td></tr><tr class="failedodd"><td><a href="#m9">validateErrorMessage</a></td></tr><tr class="failedodd"><td><a href="#m10">validateErrorMessage</a></td></tr><tr class="failedodd"><td><a href="#m11">validateErrorMessage</a></td></tr><tr class="failedodd"><td><a href="#m12">validateErrorMessage</a></td></tr><tr class="failedodd"><td><a href="#m13">validateErrorMessage</a></td></tr><tr class="failedodd"><td><a href="#m14">validateErrorMessage</a></td></tr><tr class="failedodd"><td><a href="#m15">validatehotelSelectTitle</a></td><td rowspan="2">1698771624296</td><td rowspan="2">6</td></tr><tr class="failedodd"><td><a href="#m16">validatehotelSelectTitle</a></td></tr></tbody>
</table>
<h2>Test</h2><h3 id="m0">Demo_Sep_TestCases.BOOK_HOTEL_PRICE_TEST#validatehotelSelectTitle</h3><table class="result"><tr><th>Exception</th></tr><tr><td><div class="stacktrace">org.testng.TestNGException: 
Method public void Demo_Sep_TestCases.BOOK_HOTEL_PRICE_TEST.validatehotelSelectTitle(java.lang.String,java.lang.String,java.lang.String,java.lang.String,java.lang.String,java.lang.String,java.lang.String,java.lang.String) throws java.lang.InterruptedException,java.io.IOException requires a @DataProvider named : test2
	at java.base/java.util.ArrayList.forEach(ArrayList.java:1511)
... Removed 24 stack frames</div></td></tr></table><p class="totop"><a href="#summary">back to summary</a></p>
<h3 id="m1">Demo_Sep_TestCases.BOOK_HOTEL_PRICE_TEST#vlaidate_pricefield_bookedhotel_Page</h3><table class="result"><tr class="param"><th>Parameter #1</th><th>Parameter #2</th><th>Parameter #3</th><th>Parameter #4</th><th>Parameter #5</th><th>Parameter #6</th><th>Parameter #7</th><th>Parameter #8</th></tr><tr class="param stripe"><td>Sydney</td><td>Hotel Creek</td><td>Super Deluxe</td><td>1 - One</td><td>7/05/2023</td><td>9/05/2023</td><td>1 - One</td><td>1 - One</td></tr><tr><th colspan="8">Exception</th></tr><tr><td colspan="8"><div class="stacktrace">java.lang.IllegalArgumentException: Input must be set
	at org.openqa.selenium.internal.Require.nonNull(Require.java:60)
	at org.openqa.selenium.support.ui.FluentWait.&lt;init&gt;(FluentWait.java:94)
	at org.openqa.selenium.support.ui.WebDriverWait.&lt;init&gt;(WebDriverWait.java:74)
	at org.openqa.selenium.support.ui.WebDriverWait.&lt;init&gt;(WebDriverWait.java:43)
	at POMfile.loginPage.loginAction(loginPage.java:49)
	at POMfile.loginPage.login(loginPage.java:69)
	at Demo_Sep_TestCases.BOOK_HOTEL_PRICE_TEST.vlaidate_pricefield_bookedhotel_Page(BOOK_HOTEL_PRICE_TEST.java:46)
	at java.base/java.util.ArrayList.forEach(ArrayList.java:1511)
... Removed 25 stack frames</div></td></tr></table><p class="totop"><a href="#summary">back to summary</a></p>
<h3 id="m2">Demo_Sep_TestCases.BOOK_HOTEL_SUCCESSFUL_BOOKING#validateBookHotel</h3><table class="result"><tr class="param"><th>Parameter #1</th><th>Parameter #2</th><th>Parameter #3</th><th>Parameter #4</th><th>Parameter #5</th><th>Parameter #6</th><th>Parameter #7</th><th>Parameter #8</th><th>Parameter #9</th><th>Parameter #10</th><th>Parameter #11</th><th>Parameter #12</th><th>Parameter #13</th><th>Parameter #14</th><th>Parameter #15</th><th>Parameter #16</th></tr><tr class="param stripe"><td>Vijay </td><td>VARMA </td><td>PUNE </td><td>4032036442017900</td><td>American Express</td><td>January</td><td>2027</td><td>652</td><td>Sydney</td><td>Hotel Creek</td><td>Super Deluxe</td><td>1 - One</td><td>7/05/2023</td><td>9/05/2023</td><td>1 - One</td><td>1 - One</td></tr><tr><th colspan="16">Exception</th></tr><tr><td colspan="16"><div class="stacktrace">java.lang.IllegalArgumentException: Input must be set
	at org.openqa.selenium.internal.Require.nonNull(Require.java:60)
	at org.openqa.selenium.support.ui.FluentWait.&lt;init&gt;(FluentWait.java:94)
	at org.openqa.selenium.support.ui.WebDriverWait.&lt;init&gt;(WebDriverWait.java:74)
	at org.openqa.selenium.support.ui.WebDriverWait.&lt;init&gt;(WebDriverWait.java:43)
	at POMfile.loginPage.loginAction(loginPage.java:49)
	at POMfile.loginPage.login(loginPage.java:69)
	at POMfile.serachHotelPage.hotelDetailsSubmission(serachHotelPage.java:278)
	at Demo_Sep_TestCases.BOOK_HOTEL_SUCCESSFUL_BOOKING.validateBookHotel(BOOK_HOTEL_SUCCESSFUL_BOOKING.java:40)
	at java.base/java.util.ArrayList.forEach(ArrayList.java:1511)
... Removed 25 stack frames</div></td></tr></table><p class="totop"><a href="#summary">back to summary</a></p>
<h3 id="m3">Demo_Sep_TestCases.HOMEPAGE_CURRENTURLVERIFICATION#VerifyHoomepageCurrentUrl</h3><table class="result"><tr><th>Exception</th></tr><tr><td><div class="stacktrace">java.lang.IllegalArgumentException: Input must be set
	at org.openqa.selenium.internal.Require.nonNull(Require.java:60)
	at org.openqa.selenium.support.ui.FluentWait.&lt;init&gt;(FluentWait.java:94)
	at org.openqa.selenium.support.ui.WebDriverWait.&lt;init&gt;(WebDriverWait.java:74)
	at org.openqa.selenium.support.ui.WebDriverWait.&lt;init&gt;(WebDriverWait.java:43)
	at POMfile.loginPage.loginAction(loginPage.java:49)
	at POMfile.loginPage.login(loginPage.java:69)
	at Demo_Sep_TestCases.HOMEPAGE_CURRENTURLVERIFICATION.VerifyHoomepageCurrentUrl(HOMEPAGE_CURRENTURLVERIFICATION.java:37)
	at java.base/java.util.ArrayList.forEach(ArrayList.java:1511)
... Removed 25 stack frames</div></td></tr></table><p class="totop"><a href="#summary">back to summary</a></p>
<h3 id="m4">Demo_Sep_TestCases.HOMEPAGE_TITLE_VERIFICATION#validateHomepageTitle</h3><table class="result"><tr><th>Exception</th></tr><tr><td><div class="stacktrace">java.lang.IllegalArgumentException: Input must be set
	at org.openqa.selenium.internal.Require.nonNull(Require.java:60)
	at org.openqa.selenium.support.ui.FluentWait.&lt;init&gt;(FluentWait.java:94)
	at org.openqa.selenium.support.ui.WebDriverWait.&lt;init&gt;(WebDriverWait.java:74)
	at org.openqa.selenium.support.ui.WebDriverWait.&lt;init&gt;(WebDriverWait.java:43)
	at POMfile.HomePage.getHomePageTitle(HomePage.java:41)
	at Demo_Sep_TestCases.HOMEPAGE_TITLE_VERIFICATION.validateHomepageTitle(HOMEPAGE_TITLE_VERIFICATION.java:39)
	at java.base/java.util.ArrayList.forEach(ArrayList.java:1511)
... Removed 25 stack frames</div></td></tr></table><p class="totop"><a href="#summary">back to summary</a></p>
<h3 id="m5">Demo_Sep_TestCases.SEARCH_HOTEL_DATEINTEGRATIONIT#verify_date_time</h3><table class="result"><tr class="param"><th>Parameter #1</th><th>Parameter #2</th><th>Parameter #3</th><th>Parameter #4</th><th>Parameter #5</th><th>Parameter #6</th><th>Parameter #7</th><th>Parameter #8</th><th>Parameter #9</th></tr><tr class="param stripe"><td>Sydney</td><td>Hotel Creek</td><td>Super Deluxe</td><td>1 - One</td><td>7/05/2023</td><td>9/05/2023</td><td>1 - One</td><td>1 - One</td><td>valid</td></tr><tr><th colspan="9">Exception</th></tr><tr><td colspan="9"><div class="stacktrace">java.lang.IllegalArgumentException: Input must be set
	at org.openqa.selenium.internal.Require.nonNull(Require.java:60)
	at org.openqa.selenium.support.ui.FluentWait.&lt;init&gt;(FluentWait.java:94)
	at org.openqa.selenium.support.ui.WebDriverWait.&lt;init&gt;(WebDriverWait.java:74)
	at org.openqa.selenium.support.ui.WebDriverWait.&lt;init&gt;(WebDriverWait.java:43)
	at POMfile.loginPage.loginAction(loginPage.java:49)
	at POMfile.loginPage.login(loginPage.java:69)
	at POMfile.serachHotelPage.hotelDetailsSubmission(serachHotelPage.java:278)
	at Demo_Sep_TestCases.SEARCH_HOTEL_DATEINTEGRATIONIT.verify_date_time(SEARCH_HOTEL_DATEINTEGRATIONIT.java:55)
	at java.base/java.util.ArrayList.forEach(ArrayList.java:1511)
... Removed 25 stack frames</div></td></tr></table><p class="totop"><a href="#summary">back to summary</a></p>
<h3 id="m6">Demo_Sep_TestCases.SEARCH_HOTEL_HOTELCONFIRMATION#validateErrorMessage</h3><table class="result"><tr class="param"><th>Parameter #1</th><th>Parameter #2</th><th>Parameter #3</th><th>Parameter #4</th><th>Parameter #5</th><th>Parameter #6</th><th>Parameter #7</th><th>Parameter #8</th></tr><tr class="param stripe"><td>Angeles</td><td>Hotel Creek</td><td>Standard</td><td>8 - Eight</td><td>7/05/2023</td><td>5/05/2023</td><td>4 - Four</td><td>4 - Four</td></tr><tr><th colspan="8">Exception</th></tr><tr><td colspan="8"><div class="stacktrace">java.lang.IllegalArgumentException: Input must be set
	at org.openqa.selenium.internal.Require.nonNull(Require.java:60)
	at org.openqa.selenium.support.ui.FluentWait.&lt;init&gt;(FluentWait.java:94)
	at org.openqa.selenium.support.ui.WebDriverWait.&lt;init&gt;(WebDriverWait.java:74)
	at org.openqa.selenium.support.ui.WebDriverWait.&lt;init&gt;(WebDriverWait.java:43)
	at POMfile.loginPage.loginAction(loginPage.java:49)
	at POMfile.loginPage.login(loginPage.java:69)
	at Demo_Sep_TestCases.SEARCH_HOTEL_HOTELCONFIRMATION.validateErrorMessage(SEARCH_HOTEL_HOTELCONFIRMATION.java:43)
	at java.base/java.util.ArrayList.forEach(ArrayList.java:1511)
... Removed 25 stack frames</div></td></tr></table><p class="totop"><a href="#summary">back to summary</a></p>
<h3 id="m7">Demo_Sep_TestCases.SEARCH_HOTEL_HOTELCONFIRMATION#validateErrorMessage</h3><table class="result"><tr class="param"><th>Parameter #1</th><th>Parameter #2</th><th>Parameter #3</th><th>Parameter #4</th><th>Parameter #5</th><th>Parameter #6</th><th>Parameter #7</th><th>Parameter #8</th></tr><tr class="param stripe"><td>Melbourne</td><td>Hotel Creek</td><td>Standard</td><td>2 - Two</td><td>7/05/2023</td><td>5/05/2023</td><td>2 - Two</td><td>2 - Two</td></tr><tr><th colspan="8">Exception</th></tr><tr><td colspan="8"><div class="stacktrace">java.lang.IllegalArgumentException: Input must be set
	at org.openqa.selenium.internal.Require.nonNull(Require.java:60)
	at org.openqa.selenium.support.ui.FluentWait.&lt;init&gt;(FluentWait.java:94)
	at org.openqa.selenium.support.ui.WebDriverWait.&lt;init&gt;(WebDriverWait.java:74)
	at org.openqa.selenium.support.ui.WebDriverWait.&lt;init&gt;(WebDriverWait.java:43)
	at POMfile.loginPage.loginAction(loginPage.java:49)
	at POMfile.loginPage.login(loginPage.java:69)
	at Demo_Sep_TestCases.SEARCH_HOTEL_HOTELCONFIRMATION.validateErrorMessage(SEARCH_HOTEL_HOTELCONFIRMATION.java:43)
	at java.base/java.util.ArrayList.forEach(ArrayList.java:1511)
... Removed 25 stack frames</div></td></tr></table><p class="totop"><a href="#summary">back to summary</a></p>
<h3 id="m8">Demo_Sep_TestCases.SEARCH_HOTEL_HOTELCONFIRMATION#validateErrorMessage</h3><table class="result"><tr class="param"><th>Parameter #1</th><th>Parameter #2</th><th>Parameter #3</th><th>Parameter #4</th><th>Parameter #5</th><th>Parameter #6</th><th>Parameter #7</th><th>Parameter #8</th></tr><tr class="param stripe"><td>Adelaide</td><td>Hotel Cornice</td><td>Deluxe</td><td>4 - Four</td><td>7/05/2023</td><td>5/05/2023</td><td>4 - Four</td><td>4 - Four</td></tr><tr><th colspan="8">Exception</th></tr><tr><td colspan="8"><div class="stacktrace">java.lang.IllegalArgumentException: Input must be set
	at org.openqa.selenium.internal.Require.nonNull(Require.java:60)
	at org.openqa.selenium.support.ui.FluentWait.&lt;init&gt;(FluentWait.java:94)
	at org.openqa.selenium.support.ui.WebDriverWait.&lt;init&gt;(WebDriverWait.java:74)
	at org.openqa.selenium.support.ui.WebDriverWait.&lt;init&gt;(WebDriverWait.java:43)
	at POMfile.loginPage.loginAction(loginPage.java:49)
	at POMfile.loginPage.login(loginPage.java:69)
	at Demo_Sep_TestCases.SEARCH_HOTEL_HOTELCONFIRMATION.validateErrorMessage(SEARCH_HOTEL_HOTELCONFIRMATION.java:43)
	at java.base/java.util.ArrayList.forEach(ArrayList.java:1511)
... Removed 25 stack frames</div></td></tr></table><p class="totop"><a href="#summary">back to summary</a></p>
<h3 id="m9">Demo_Sep_TestCases.SEARCH_HOTEL_HOTELCONFIRMATION#validateErrorMessage</h3><table class="result"><tr class="param"><th>Parameter #1</th><th>Parameter #2</th><th>Parameter #3</th><th>Parameter #4</th><th>Parameter #5</th><th>Parameter #6</th><th>Parameter #7</th><th>Parameter #8</th></tr><tr class="param stripe"><td>New York</td><td>Hotel Creek</td><td>Standard</td><td>6 - Six</td><td>7/05/2023</td><td>5/05/2023</td><td>4 - Four</td><td>4 - Four</td></tr><tr><th colspan="8">Exception</th></tr><tr><td colspan="8"><div class="stacktrace">java.lang.IllegalArgumentException: Input must be set
	at org.openqa.selenium.internal.Require.nonNull(Require.java:60)
	at org.openqa.selenium.support.ui.FluentWait.&lt;init&gt;(FluentWait.java:94)
	at org.openqa.selenium.support.ui.WebDriverWait.&lt;init&gt;(WebDriverWait.java:74)
	at org.openqa.selenium.support.ui.WebDriverWait.&lt;init&gt;(WebDriverWait.java:43)
	at POMfile.loginPage.loginAction(loginPage.java:49)
	at POMfile.loginPage.login(loginPage.java:69)
	at Demo_Sep_TestCases.SEARCH_HOTEL_HOTELCONFIRMATION.validateErrorMessage(SEARCH_HOTEL_HOTELCONFIRMATION.java:43)
	at java.base/java.util.ArrayList.forEach(ArrayList.java:1511)
... Removed 25 stack frames</div></td></tr></table><p class="totop"><a href="#summary">back to summary</a></p>
<h3 id="m10">Demo_Sep_TestCases.SEARCH_HOTEL_HOTELCONFIRMATION#validateErrorMessage</h3><table class="result"><tr class="param"><th>Parameter #1</th><th>Parameter #2</th><th>Parameter #3</th><th>Parameter #4</th><th>Parameter #5</th><th>Parameter #6</th><th>Parameter #7</th><th>Parameter #8</th></tr><tr class="param stripe"><td>Brisbane</td><td>Hotel Hervey</td><td>Double</td><td>3 - Three</td><td>7/05/2023</td><td>5/05/2023</td><td>3 - Three</td><td>3 - Three</td></tr><tr><th colspan="8">Exception</th></tr><tr><td colspan="8"><div class="stacktrace">java.lang.IllegalArgumentException: Input must be set
	at org.openqa.selenium.internal.Require.nonNull(Require.java:60)
	at org.openqa.selenium.support.ui.FluentWait.&lt;init&gt;(FluentWait.java:94)
	at org.openqa.selenium.support.ui.WebDriverWait.&lt;init&gt;(WebDriverWait.java:74)
	at org.openqa.selenium.support.ui.WebDriverWait.&lt;init&gt;(WebDriverWait.java:43)
	at POMfile.loginPage.loginAction(loginPage.java:49)
	at POMfile.loginPage.login(loginPage.java:69)
	at Demo_Sep_TestCases.SEARCH_HOTEL_HOTELCONFIRMATION.validateErrorMessage(SEARCH_HOTEL_HOTELCONFIRMATION.java:43)
	at java.base/java.util.ArrayList.forEach(ArrayList.java:1511)
... Removed 25 stack frames</div></td></tr></table><p class="totop"><a href="#summary">back to summary</a></p>
<h3 id="m11">Demo_Sep_TestCases.SEARCH_HOTEL_HOTELCONFIRMATION#validateErrorMessage</h3><table class="result"><tr class="param"><th>Parameter #1</th><th>Parameter #2</th><th>Parameter #3</th><th>Parameter #4</th><th>Parameter #5</th><th>Parameter #6</th><th>Parameter #7</th><th>Parameter #8</th></tr><tr class="param stripe"><td>Paris</td><td>Hotel Creek</td><td>Standard</td><td>9 - Nine</td><td>7/05/2023</td><td>5/05/2023</td><td>4 - Four</td><td>4 - Four</td></tr><tr><th colspan="8">Exception</th></tr><tr><td colspan="8"><div class="stacktrace">java.lang.IllegalArgumentException: Input must be set
	at org.openqa.selenium.internal.Require.nonNull(Require.java:60)
	at org.openqa.selenium.support.ui.FluentWait.&lt;init&gt;(FluentWait.java:94)
	at org.openqa.selenium.support.ui.WebDriverWait.&lt;init&gt;(WebDriverWait.java:74)
	at org.openqa.selenium.support.ui.WebDriverWait.&lt;init&gt;(WebDriverWait.java:43)
	at POMfile.loginPage.loginAction(loginPage.java:49)
	at POMfile.loginPage.login(loginPage.java:69)
	at Demo_Sep_TestCases.SEARCH_HOTEL_HOTELCONFIRMATION.validateErrorMessage(SEARCH_HOTEL_HOTELCONFIRMATION.java:43)
	at java.base/java.util.ArrayList.forEach(ArrayList.java:1511)
... Removed 25 stack frames</div></td></tr></table><p class="totop"><a href="#summary">back to summary</a></p>
<h3 id="m12">Demo_Sep_TestCases.SEARCH_HOTEL_HOTELCONFIRMATION#validateErrorMessage</h3><table class="result"><tr class="param"><th>Parameter #1</th><th>Parameter #2</th><th>Parameter #3</th><th>Parameter #4</th><th>Parameter #5</th><th>Parameter #6</th><th>Parameter #7</th><th>Parameter #8</th></tr><tr class="param stripe"><td>Sydney</td><td>Hotel Creek</td><td>Super Deluxe</td><td>1 - One</td><td>7/05/2023</td><td>5/05/2023</td><td>1 - One</td><td>1 - One</td></tr><tr><th colspan="8">Exception</th></tr><tr><td colspan="8"><div class="stacktrace">java.lang.IllegalArgumentException: Input must be set
	at org.openqa.selenium.internal.Require.nonNull(Require.java:60)
	at org.openqa.selenium.support.ui.FluentWait.&lt;init&gt;(FluentWait.java:94)
	at org.openqa.selenium.support.ui.WebDriverWait.&lt;init&gt;(WebDriverWait.java:74)
	at org.openqa.selenium.support.ui.WebDriverWait.&lt;init&gt;(WebDriverWait.java:43)
	at POMfile.loginPage.loginAction(loginPage.java:49)
	at POMfile.loginPage.login(loginPage.java:69)
	at Demo_Sep_TestCases.SEARCH_HOTEL_HOTELCONFIRMATION.validateErrorMessage(SEARCH_HOTEL_HOTELCONFIRMATION.java:43)
	at java.base/java.util.ArrayList.forEach(ArrayList.java:1511)
... Removed 25 stack frames</div></td></tr></table><p class="totop"><a href="#summary">back to summary</a></p>
<h3 id="m13">Demo_Sep_TestCases.SEARCH_HOTEL_HOTELCONFIRMATION#validateErrorMessage</h3><table class="result"><tr class="param"><th>Parameter #1</th><th>Parameter #2</th><th>Parameter #3</th><th>Parameter #4</th><th>Parameter #5</th><th>Parameter #6</th><th>Parameter #7</th><th>Parameter #8</th></tr><tr class="param stripe"><td>Los</td><td>Hotel Creek</td><td>Standard</td><td>7 - Seven</td><td>7/05/2023</td><td>5/05/2023</td><td>4 - Four</td><td>4 - Four</td></tr><tr><th colspan="8">Exception</th></tr><tr><td colspan="8"><div class="stacktrace">java.lang.IllegalArgumentException: Input must be set
	at org.openqa.selenium.internal.Require.nonNull(Require.java:60)
	at org.openqa.selenium.support.ui.FluentWait.&lt;init&gt;(FluentWait.java:94)
	at org.openqa.selenium.support.ui.WebDriverWait.&lt;init&gt;(WebDriverWait.java:74)
	at org.openqa.selenium.support.ui.WebDriverWait.&lt;init&gt;(WebDriverWait.java:43)
	at POMfile.loginPage.loginAction(loginPage.java:49)
	at POMfile.loginPage.login(loginPage.java:69)
	at Demo_Sep_TestCases.SEARCH_HOTEL_HOTELCONFIRMATION.validateErrorMessage(SEARCH_HOTEL_HOTELCONFIRMATION.java:43)
	at java.base/java.util.ArrayList.forEach(ArrayList.java:1511)
... Removed 25 stack frames</div></td></tr></table><p class="totop"><a href="#summary">back to summary</a></p>
<h3 id="m14">Demo_Sep_TestCases.SEARCH_HOTEL_HOTELCONFIRMATION#validateErrorMessage</h3><table class="result"><tr class="param"><th>Parameter #1</th><th>Parameter #2</th><th>Parameter #3</th><th>Parameter #4</th><th>Parameter #5</th><th>Parameter #6</th><th>Parameter #7</th><th>Parameter #8</th></tr><tr class="param stripe"><td>London</td><td>Hotel Creek</td><td>Standard</td><td>5 - Five</td><td>7/05/2023</td><td>5/05/2023</td><td>4 - Four</td><td>4 - Four</td></tr><tr><th colspan="8">Exception</th></tr><tr><td colspan="8"><div class="stacktrace">java.lang.IllegalArgumentException: Input must be set
	at org.openqa.selenium.internal.Require.nonNull(Require.java:60)
	at org.openqa.selenium.support.ui.FluentWait.&lt;init&gt;(FluentWait.java:94)
	at org.openqa.selenium.support.ui.WebDriverWait.&lt;init&gt;(WebDriverWait.java:74)
	at org.openqa.selenium.support.ui.WebDriverWait.&lt;init&gt;(WebDriverWait.java:43)
	at POMfile.loginPage.loginAction(loginPage.java:49)
	at POMfile.loginPage.login(loginPage.java:69)
	at Demo_Sep_TestCases.SEARCH_HOTEL_HOTELCONFIRMATION.validateErrorMessage(SEARCH_HOTEL_HOTELCONFIRMATION.java:43)
	at java.base/java.util.ArrayList.forEach(ArrayList.java:1511)
... Removed 25 stack frames</div></td></tr></table><p class="totop"><a href="#summary">back to summary</a></p>
<h3 id="m15">Demo_Sep_TestCases.SEARCH_HOTEL_HOTELCONFIRMATION#validatehotelSelectTitle</h3><table class="result"><tr class="param"><th>Parameter #1</th><th>Parameter #2</th><th>Parameter #3</th><th>Parameter #4</th><th>Parameter #5</th><th>Parameter #6</th><th>Parameter #7</th><th>Parameter #8</th></tr><tr class="param stripe"><td>Sydney</td><td>Hotel Creek</td><td>Super Deluxe</td><td>1 - One</td><td>7/05/2023</td><td>9/05/2023</td><td>1 - One</td><td>1 - One</td></tr><tr><th colspan="8">Exception</th></tr><tr><td colspan="8"><div class="stacktrace">java.lang.IllegalArgumentException: Input must be set
	at org.openqa.selenium.internal.Require.nonNull(Require.java:60)
	at org.openqa.selenium.support.ui.FluentWait.&lt;init&gt;(FluentWait.java:94)
	at org.openqa.selenium.support.ui.WebDriverWait.&lt;init&gt;(WebDriverWait.java:74)
	at org.openqa.selenium.support.ui.WebDriverWait.&lt;init&gt;(WebDriverWait.java:43)
	at POMfile.loginPage.loginAction(loginPage.java:49)
	at POMfile.loginPage.login(loginPage.java:69)
	at Demo_Sep_TestCases.SEARCH_HOTEL_HOTELCONFIRMATION.validatehotelSelectTitle(SEARCH_HOTEL_HOTELCONFIRMATION.java:98)
	at java.base/java.util.ArrayList.forEach(ArrayList.java:1511)
... Removed 25 stack frames</div></td></tr></table><p class="totop"><a href="#summary">back to summary</a></p>
<h3 id="m16">Demo_Sep_TestCases.SEARCH_HOTEL_HOTELCONFIRMATION#validatehotelSelectTitle</h3><table class="result"><tr class="param"><th>Parameter #1</th><th>Parameter #2</th><th>Parameter #3</th><th>Parameter #4</th><th>Parameter #5</th><th>Parameter #6</th><th>Parameter #7</th><th>Parameter #8</th></tr><tr class="param stripe"><td>Melbourne</td><td>Hotel Creek</td><td>Standard</td><td>2 - Two</td><td>7/05/2023</td><td>9/05/2023</td><td>2 - Two</td><td>2 - Two</td></tr><tr><th colspan="8">Exception</th></tr><tr><td colspan="8"><div class="stacktrace">java.lang.IllegalArgumentException: Input must be set
	at org.openqa.selenium.internal.Require.nonNull(Require.java:60)
	at org.openqa.selenium.support.ui.FluentWait.&lt;init&gt;(FluentWait.java:94)
	at org.openqa.selenium.support.ui.WebDriverWait.&lt;init&gt;(WebDriverWait.java:74)
	at org.openqa.selenium.support.ui.WebDriverWait.&lt;init&gt;(WebDriverWait.java:43)
	at POMfile.loginPage.loginAction(loginPage.java:49)
	at POMfile.loginPage.login(loginPage.java:69)
	at Demo_Sep_TestCases.SEARCH_HOTEL_HOTELCONFIRMATION.validatehotelSelectTitle(SEARCH_HOTEL_HOTELCONFIRMATION.java:98)
	at java.base/java.util.ArrayList.forEach(ArrayList.java:1511)
... Removed 25 stack frames</div></td></tr></table><p class="totop"><a href="#summary">back to summary</a></p>
</body>
</html>
