<!DOCTYPE html>

<html>
  <head>
  <meta charset='utf-8'>
  <title>TestNG reports</title>

    <link type="text/css" href="testng-reports1.css" rel="stylesheet" id="ultra" />
    <link type="text/css" href="testng-reports.css" rel="stylesheet" id="retro" disabled="false"/>
    <script type="text/javascript" src="jquery.min.js"></script>
    <script type="text/javascript" src="testng-reports.js"></script>
    <script type="text/javascript" src="https://www.google.com/jsapi"></script>
    <script type='text/javascript'>
      google.load('visualization', '1', {packages:['table']});
      google.setOnLoadCallback(drawTable);
      var suiteTableInitFunctions = new Array();
      var suiteTableData = new Array();
    </script>
    <!--
      <script type="text/javascript" src="jquery-ui/js/jquery-ui-1.8.16.custom.min.js"></script>
     -->
  </head>

  <body>
    <div class="top-banner-root">
      <span class="top-banner-title-font">Test results</span>
      <button id="button" class="button">Switch Retro Theme</button> <!-- button -->
      <br/>
      <span class="top-banner-font-1">1 suite, 17 failed tests</span>
    </div> <!-- top-banner-root -->
    <div class="navigator-root">
      <div class="navigator-suite-header">
        <span>All suites</span>
        <a href="#" title="Collapse/expand all the suites" class="collapse-all-link">
          <img src="collapseall.gif" class="collapse-all-icon">
          </img> <!-- collapse-all-icon -->
        </a> <!-- collapse-all-link -->
      </div> <!-- navigator-suite-header -->
      <div class="suite">
        <div class="rounded-window">
          <div class="suite-header light-rounded-window-top">
            <a href="#" panel-name="suite-Suite" class="navigator-link">
              <span class="suite-name border-failed">Suite</span>
            </a> <!-- navigator-link -->
          </div> <!-- suite-header light-rounded-window-top -->
          <div class="navigator-suite-content">
            <div class="suite-section-title">
              <span>Info</span>
            </div> <!-- suite-section-title -->
            <div class="suite-section-content">
              <ul>
                <li>
<<<<<<< HEAD
                  <a href="#" panel-name="test-xml-Default_suite" class="navigator-link ">
                    <span>C:\Users\webca\AppData\Local\Temp\testng-eclipse-57786147\testng-customsuite.xml</span>
=======
                  <a href="#" panel-name="test-xml-Suite" class="navigator-link ">
                    <span>C:\Users\k\git\seleniumpractice-sept2023\ExecutionTest.xml</span>
>>>>>>> master
                  </a> <!-- navigator-link  -->
                </li>
                <li>
                  <a href="#" panel-name="testlist-Suite" class="navigator-link ">
                    <span class="test-stats">1 test</span>
                  </a> <!-- navigator-link  -->
                </li>
                <li>
<<<<<<< HEAD
                  <a href="#" panel-name="group-Default_suite" class="navigator-link ">
                    <span>0 groups</span>
=======
                  <a href="#" panel-name="group-Suite" class="navigator-link ">
                    <span>3 groups</span>
>>>>>>> master
                  </a> <!-- navigator-link  -->
                </li>
                <li>
                  <a href="#" panel-name="times-Suite" class="navigator-link ">
                    <span>Times</span>
                  </a> <!-- navigator-link  -->
                </li>
                <li>
                  <a href="#" panel-name="reporter-Suite" class="navigator-link ">
                    <span>Reporter output</span>
                  </a> <!-- navigator-link  -->
                </li>
                <li>
                  <a href="#" panel-name="ignored-methods-Suite" class="navigator-link ">
                    <span>Ignored methods</span>
                  </a> <!-- navigator-link  -->
                </li>
                <li>
                  <a href="#" panel-name="chronological-Suite" class="navigator-link ">
                    <span>Chronological view</span>
                  </a> <!-- navigator-link  -->
                </li>
              </ul>
            </div> <!-- suite-section-content -->
            <div class="result-section">
              <div class="suite-section-title">
                <span>Results</span>
              </div> <!-- suite-section-title -->
              <div class="suite-section-content">
                <ul>
                  <li>
                    <span class="method-stats">17 methods, 17 failed,   </span>
                  </li>
                  <li>
                    <span class="method-list-title failed">Failed methods</span>
                    <span class="show-or-hide-methods failed">
                      <a href="#" panel-name="suite-Suite" class="hide-methods failed suite-Suite"> (hide)</a> <!-- hide-methods failed suite-Suite -->
                      <a href="#" panel-name="suite-Suite" class="show-methods failed suite-Suite"> (show)</a> <!-- show-methods failed suite-Suite -->
                    </span>
                    <div class="method-list-content failed suite-Suite">
                      <span>
<<<<<<< HEAD
                        <img src="passed.png" width="3%"/>
                        <a href="#" panel-name="suite-Default_suite" title="Demo_Sep_TestCases.LOGOUT_VALIDATECREDENTIAL" class="method navigator-link" hash-for-method="validateLogoutFunctiionality">validateLogoutFunctiionality</a> <!-- method navigator-link -->
=======
                        <img src="failed.png" width="3%"/>
                        <a href="#" panel-name="suite-Suite" title="Demo_Sep_TestCases.HOMEPAGE_CURRENTURLVERIFICATION" class="method navigator-link" hash-for-method="VerifyHoomepageCurrentUrl">VerifyHoomepageCurrentUrl</a> <!-- method navigator-link -->
>>>>>>> master
                      </span>
                      <br/>
                      <span>
                        <img src="failed.png" width="3%"/>
                        <a href="#" panel-name="suite-Suite" title="Demo_Sep_TestCases.BOOK_HOTEL_SUCCESSFUL_BOOKING" class="method navigator-link" hash-for-method="validateBookHotel(Vijay , VARMA , PUNE , 4032036442017900, American Express, January, 2027, 652, Sydney, Hotel Creek, ...)">validateBookHotel(Vijay , VARMA , PUNE , 4032036442017900, American Express, January, 2027, 652, Sydney, Hotel Creek, ...)</a> <!-- method navigator-link -->
                      </span>
                      <br/>
                      <span>
                        <img src="failed.png" width="3%"/>
                        <a href="#" panel-name="suite-Suite" title="Demo_Sep_TestCases.SEARCH_HOTEL_HOTELCONFIRMATION" class="method navigator-link" hash-for-method="validateErrorMessage(Angeles, Hotel Creek, Standard, 8 - Eight, 7/05/2023, 5/05/2023, 4 - Four, 4 - Four)">validateErrorMessage(Angeles, Hotel Creek, Standard, 8 - Eight, 7/05/2023, 5/05/2023, 4 - Four, 4 - Four)</a> <!-- method navigator-link -->
                      </span>
                      <br/>
                      <span>
                        <img src="failed.png" width="3%"/>
                        <a href="#" panel-name="suite-Suite" title="Demo_Sep_TestCases.SEARCH_HOTEL_HOTELCONFIRMATION" class="method navigator-link" hash-for-method="validateErrorMessage(Melbourne, Hotel Creek, Standard, 2 - Two, 7/05/2023, 5/05/2023, 2 - Two, 2 - Two)">validateErrorMessage(Melbourne, Hotel Creek, Standard, 2 - Two, 7/05/2023, 5/05/2023, 2 - Two, 2 - Two)</a> <!-- method navigator-link -->
                      </span>
                      <br/>
                      <span>
                        <img src="failed.png" width="3%"/>
                        <a href="#" panel-name="suite-Suite" title="Demo_Sep_TestCases.SEARCH_HOTEL_HOTELCONFIRMATION" class="method navigator-link" hash-for-method="validateErrorMessage(Adelaide, Hotel Cornice, Deluxe, 4 - Four, 7/05/2023, 5/05/2023, 4 - Four, 4 - Four)">validateErrorMessage(Adelaide, Hotel Cornice, Deluxe, 4 - Four, 7/05/2023, 5/05/2023, 4 - Four, 4 - Four)</a> <!-- method navigator-link -->
                      </span>
                      <br/>
                      <span>
                        <img src="failed.png" width="3%"/>
                        <a href="#" panel-name="suite-Suite" title="Demo_Sep_TestCases.SEARCH_HOTEL_HOTELCONFIRMATION" class="method navigator-link" hash-for-method="validateErrorMessage(New York, Hotel Creek, Standard, 6 - Six, 7/05/2023, 5/05/2023, 4 - Four, 4 - Four)">validateErrorMessage(New York, Hotel Creek, Standard, 6 - Six, 7/05/2023, 5/05/2023, 4 - Four, 4 - Four)</a> <!-- method navigator-link -->
                      </span>
                      <br/>
                      <span>
                        <img src="failed.png" width="3%"/>
                        <a href="#" panel-name="suite-Suite" title="Demo_Sep_TestCases.SEARCH_HOTEL_HOTELCONFIRMATION" class="method navigator-link" hash-for-method="validateErrorMessage(Brisbane, Hotel Hervey, Double, 3 - Three, 7/05/2023, 5/05/2023, 3 - Three, 3 - Three)">validateErrorMessage(Brisbane, Hotel Hervey, Double, 3 - Three, 7/05/2023, 5/05/2023, 3 - Three, 3 - Three)</a> <!-- method navigator-link -->
                      </span>
                      <br/>
                      <span>
                        <img src="failed.png" width="3%"/>
                        <a href="#" panel-name="suite-Suite" title="Demo_Sep_TestCases.SEARCH_HOTEL_HOTELCONFIRMATION" class="method navigator-link" hash-for-method="validateErrorMessage(Paris, Hotel Creek, Standard, 9 - Nine, 7/05/2023, 5/05/2023, 4 - Four, 4 - Four)">validateErrorMessage(Paris, Hotel Creek, Standard, 9 - Nine, 7/05/2023, 5/05/2023, 4 - Four, 4 - Four)</a> <!-- method navigator-link -->
                      </span>
                      <br/>
                      <span>
                        <img src="failed.png" width="3%"/>
                        <a href="#" panel-name="suite-Suite" title="Demo_Sep_TestCases.SEARCH_HOTEL_HOTELCONFIRMATION" class="method navigator-link" hash-for-method="validateErrorMessage(Sydney, Hotel Creek, Super Deluxe, 1 - One, 7/05/2023, 5/05/2023, 1 - One, 1 - One)">validateErrorMessage(Sydney, Hotel Creek, Super Deluxe, 1 - One, 7/05/2023, 5/05/2023, 1 - One, 1 - One)</a> <!-- method navigator-link -->
                      </span>
                      <br/>
                      <span>
                        <img src="failed.png" width="3%"/>
                        <a href="#" panel-name="suite-Suite" title="Demo_Sep_TestCases.SEARCH_HOTEL_HOTELCONFIRMATION" class="method navigator-link" hash-for-method="validateErrorMessage(Los, Hotel Creek, Standard, 7 - Seven, 7/05/2023, 5/05/2023, 4 - Four, 4 - Four)">validateErrorMessage(Los, Hotel Creek, Standard, 7 - Seven, 7/05/2023, 5/05/2023, 4 - Four, 4 - Four)</a> <!-- method navigator-link -->
                      </span>
                      <br/>
                      <span>
                        <img src="failed.png" width="3%"/>
                        <a href="#" panel-name="suite-Suite" title="Demo_Sep_TestCases.SEARCH_HOTEL_HOTELCONFIRMATION" class="method navigator-link" hash-for-method="validateErrorMessage(London, Hotel Creek, Standard, 5 - Five, 7/05/2023, 5/05/2023, 4 - Four, 4 - Four)">validateErrorMessage(London, Hotel Creek, Standard, 5 - Five, 7/05/2023, 5/05/2023, 4 - Four, 4 - Four)</a> <!-- method navigator-link -->
                      </span>
                      <br/>
                      <span>
                        <img src="failed.png" width="3%"/>
                        <a href="#" panel-name="suite-Suite" title="Demo_Sep_TestCases.HOMEPAGE_TITLE_VERIFICATION" class="method navigator-link" hash-for-method="validateHomepageTitle">validateHomepageTitle</a> <!-- method navigator-link -->
                      </span>
                      <br/>
                      <span>
                        <img src="failed.png" width="3%"/>
                        <a href="#" panel-name="suite-Suite" title="Demo_Sep_TestCases.SEARCH_HOTEL_HOTELCONFIRMATION" class="method navigator-link" hash-for-method="validatehotelSelectTitle(Sydney, Hotel Creek, Super Deluxe, 1 - One, 7/05/2023, 9/05/2023, 1 - One, 1 - One)">validatehotelSelectTitle(Sydney, Hotel Creek, Super Deluxe, 1 - One, 7/05/2023, 9/05/2023, 1 - One, 1 - One)</a> <!-- method navigator-link -->
                      </span>
                      <br/>
                      <span>
                        <img src="failed.png" width="3%"/>
                        <a href="#" panel-name="suite-Suite" title="Demo_Sep_TestCases.BOOK_HOTEL_PRICE_TEST" class="method navigator-link" hash-for-method="validatehotelSelectTitle">validatehotelSelectTitle</a> <!-- method navigator-link -->
                      </span>
                      <br/>
                      <span>
                        <img src="failed.png" width="3%"/>
                        <a href="#" panel-name="suite-Suite" title="Demo_Sep_TestCases.SEARCH_HOTEL_HOTELCONFIRMATION" class="method navigator-link" hash-for-method="validatehotelSelectTitle(Melbourne, Hotel Creek, Standard, 2 - Two, 7/05/2023, 9/05/2023, 2 - Two, 2 - Two)">validatehotelSelectTitle(Melbourne, Hotel Creek, Standard, 2 - Two, 7/05/2023, 9/05/2023, 2 - Two, 2 - Two)</a> <!-- method navigator-link -->
                      </span>
                      <br/>
                      <span>
                        <img src="failed.png" width="3%"/>
                        <a href="#" panel-name="suite-Suite" title="Demo_Sep_TestCases.SEARCH_HOTEL_DATEINTEGRATIONIT" class="method navigator-link" hash-for-method="verify_date_time(Sydney, Hotel Creek, Super Deluxe, 1 - One, 7/05/2023, 9/05/2023, 1 - One, 1 - One, valid)">verify_date_time(Sydney, Hotel Creek, Super Deluxe, 1 - One, 7/05/2023, 9/05/2023, 1 - One, 1 - One, valid)</a> <!-- method navigator-link -->
                      </span>
                      <br/>
                      <span>
                        <img src="failed.png" width="3%"/>
                        <a href="#" panel-name="suite-Suite" title="Demo_Sep_TestCases.BOOK_HOTEL_PRICE_TEST" class="method navigator-link" hash-for-method="vlaidate_pricefield_bookedhotel_Page(Sydney, Hotel Creek, Super Deluxe, 1 - One, 7/05/2023, 9/05/2023, 1 - One, 1 - One)">vlaidate_pricefield_bookedhotel_Page(Sydney, Hotel Creek, Super Deluxe, 1 - One, 7/05/2023, 9/05/2023, 1 - One, 1 - One)</a> <!-- method navigator-link -->
                      </span>
                      <br/>
                    </div> <!-- method-list-content failed suite-Suite -->
                  </li>
                </ul>
              </div> <!-- suite-section-content -->
            </div> <!-- result-section -->
          </div> <!-- navigator-suite-content -->
        </div> <!-- rounded-window -->
      </div> <!-- suite -->
    </div> <!-- navigator-root -->
    <div class="wrapper">
      <div class="main-panel-root">
        <div panel-name="suite-Suite" class="panel Suite">
          <div class="suite-Suite-class-failed">
            <div class="main-panel-header rounded-window-top">
<<<<<<< HEAD
              <img src="passed.png"/>
              <span class="class-name">Demo_Sep_TestCases.LOGOUT_VALIDATECREDENTIAL</span>
=======
              <img src="failed.png"/>
              <span class="class-name">Demo_Sep_TestCases.SEARCH_HOTEL_DATEINTEGRATIONIT</span>
            </div> <!-- main-panel-header rounded-window-top -->
            <div class="main-panel-content rounded-window-bottom">
              <div class="method">
                <div class="method-content">
                  <a name="verify_date_time(Sydney, Hotel Creek, Super Deluxe, 1 - One, 7/05/2023, 9/05/2023, 1 - One, 1 - One, valid)">
                  </a> <!-- verify_date_time(Sydney, Hotel Creek, Super Deluxe, 1 - One, 7/05/2023, 9/05/2023, 1 - One, 1 - One, valid) -->
                  <span class="method-name">verify_date_time</span>
                  <span class="parameters">(Sydney, Hotel Creek, Super Deluxe, 1 - One, 7/05/2023, 9/05/2023, 1 - One, 1 - One, valid)</span>
                  <div class="stack-trace">java.lang.IllegalArgumentException: Input must be set
	at org.openqa.selenium.internal.Require.nonNull(Require.java:60)
	at org.openqa.selenium.support.ui.FluentWait.&lt;init&gt;(FluentWait.java:94)
	at org.openqa.selenium.support.ui.WebDriverWait.&lt;init&gt;(WebDriverWait.java:74)
	at org.openqa.selenium.support.ui.WebDriverWait.&lt;init&gt;(WebDriverWait.java:43)
	at POMfile.loginPage.loginAction(loginPage.java:49)
	at POMfile.loginPage.login(loginPage.java:69)
	at POMfile.serachHotelPage.hotelDetailsSubmission(serachHotelPage.java:278)
	at Demo_Sep_TestCases.SEARCH_HOTEL_DATEINTEGRATIONIT.verify_date_time(SEARCH_HOTEL_DATEINTEGRATIONIT.java:55)
	at java.base/java.util.ArrayList.forEach(ArrayList.java:1511)
... Removed 25 stack frames
</div> <!-- stack-trace -->
                </div> <!-- method-content -->
              </div> <!-- method -->
            </div> <!-- main-panel-content rounded-window-bottom -->
          </div> <!-- suite-Suite-class-failed -->
          <div class="suite-Suite-class-failed">
            <div class="main-panel-header rounded-window-top">
              <img src="failed.png"/>
              <span class="class-name">Demo_Sep_TestCases.HOMEPAGE_TITLE_VERIFICATION</span>
            </div> <!-- main-panel-header rounded-window-top -->
            <div class="main-panel-content rounded-window-bottom">
              <div class="method">
                <div class="method-content">
                  <a name="validateHomepageTitle">
                  </a> <!-- validateHomepageTitle -->
                  <span class="method-name">validateHomepageTitle</span>
                  <div class="stack-trace">java.lang.IllegalArgumentException: Input must be set
	at org.openqa.selenium.internal.Require.nonNull(Require.java:60)
	at org.openqa.selenium.support.ui.FluentWait.&lt;init&gt;(FluentWait.java:94)
	at org.openqa.selenium.support.ui.WebDriverWait.&lt;init&gt;(WebDriverWait.java:74)
	at org.openqa.selenium.support.ui.WebDriverWait.&lt;init&gt;(WebDriverWait.java:43)
	at POMfile.HomePage.getHomePageTitle(HomePage.java:41)
	at Demo_Sep_TestCases.HOMEPAGE_TITLE_VERIFICATION.validateHomepageTitle(HOMEPAGE_TITLE_VERIFICATION.java:39)
	at java.base/java.util.ArrayList.forEach(ArrayList.java:1511)
... Removed 25 stack frames
</div> <!-- stack-trace -->
                </div> <!-- method-content -->
              </div> <!-- method -->
            </div> <!-- main-panel-content rounded-window-bottom -->
          </div> <!-- suite-Suite-class-failed -->
          <div class="suite-Suite-class-failed">
            <div class="main-panel-header rounded-window-top">
              <img src="failed.png"/>
              <span class="class-name">Demo_Sep_TestCases.BOOK_HOTEL_PRICE_TEST</span>
>>>>>>> master
            </div> <!-- main-panel-header rounded-window-top -->
            <div class="main-panel-content rounded-window-bottom">
              <div class="method">
                <div class="method-content">
<<<<<<< HEAD
                  <a name="validateLogoutFunctiionality">
                  </a> <!-- validateLogoutFunctiionality -->
                  <span class="method-name">validateLogoutFunctiionality</span>
=======
                  <a name="validatehotelSelectTitle">
                  </a> <!-- validatehotelSelectTitle -->
                  <span class="method-name">validatehotelSelectTitle</span>
                  <div class="stack-trace">org.testng.TestNGException: 
Method public void Demo_Sep_TestCases.BOOK_HOTEL_PRICE_TEST.validatehotelSelectTitle(java.lang.String,java.lang.String,java.lang.String,java.lang.String,java.lang.String,java.lang.String,java.lang.String,java.lang.String) throws java.lang.InterruptedException,java.io.IOException requires a @DataProvider named : test2
	at java.base/java.util.ArrayList.forEach(ArrayList.java:1511)
... Removed 24 stack frames
</div> <!-- stack-trace -->
                </div> <!-- method-content -->
              </div> <!-- method -->
              <div class="method">
                <div class="method-content">
                  <a name="vlaidate_pricefield_bookedhotel_Page(Sydney, Hotel Creek, Super Deluxe, 1 - One, 7/05/2023, 9/05/2023, 1 - One, 1 - One)">
                  </a> <!-- vlaidate_pricefield_bookedhotel_Page(Sydney, Hotel Creek, Super Deluxe, 1 - One, 7/05/2023, 9/05/2023, 1 - One, 1 - One) -->
                  <span class="method-name">vlaidate_pricefield_bookedhotel_Page</span>
                  <span class="parameters">(Sydney, Hotel Creek, Super Deluxe, 1 - One, 7/05/2023, 9/05/2023, 1 - One, 1 - One)</span>
                  <div class="stack-trace">java.lang.IllegalArgumentException: Input must be set
	at org.openqa.selenium.internal.Require.nonNull(Require.java:60)
	at org.openqa.selenium.support.ui.FluentWait.&lt;init&gt;(FluentWait.java:94)
	at org.openqa.selenium.support.ui.WebDriverWait.&lt;init&gt;(WebDriverWait.java:74)
	at org.openqa.selenium.support.ui.WebDriverWait.&lt;init&gt;(WebDriverWait.java:43)
	at POMfile.loginPage.loginAction(loginPage.java:49)
	at POMfile.loginPage.login(loginPage.java:69)
	at Demo_Sep_TestCases.BOOK_HOTEL_PRICE_TEST.vlaidate_pricefield_bookedhotel_Page(BOOK_HOTEL_PRICE_TEST.java:46)
	at java.base/java.util.ArrayList.forEach(ArrayList.java:1511)
... Removed 25 stack frames
</div> <!-- stack-trace -->
>>>>>>> master
                </div> <!-- method-content -->
              </div> <!-- method -->
            </div> <!-- main-panel-content rounded-window-bottom -->
          </div> <!-- suite-Suite-class-failed -->
          <div class="suite-Suite-class-failed">
            <div class="main-panel-header rounded-window-top">
              <img src="failed.png"/>
              <span class="class-name">Demo_Sep_TestCases.SEARCH_HOTEL_HOTELCONFIRMATION</span>
            </div> <!-- main-panel-header rounded-window-top -->
            <div class="main-panel-content rounded-window-bottom">
              <div class="method">
                <div class="method-content">
                  <a name="validateErrorMessage(Angeles, Hotel Creek, Standard, 8 - Eight, 7/05/2023, 5/05/2023, 4 - Four, 4 - Four)">
                  </a> <!-- validateErrorMessage(Angeles, Hotel Creek, Standard, 8 - Eight, 7/05/2023, 5/05/2023, 4 - Four, 4 - Four) -->
                  <span class="method-name">validateErrorMessage</span>
                  <span class="parameters">(Angeles, Hotel Creek, Standard, 8 - Eight, 7/05/2023, 5/05/2023, 4 - Four, 4 - Four)</span>
                  <div class="stack-trace">java.lang.IllegalArgumentException: Input must be set
	at org.openqa.selenium.internal.Require.nonNull(Require.java:60)
	at org.openqa.selenium.support.ui.FluentWait.&lt;init&gt;(FluentWait.java:94)
	at org.openqa.selenium.support.ui.WebDriverWait.&lt;init&gt;(WebDriverWait.java:74)
	at org.openqa.selenium.support.ui.WebDriverWait.&lt;init&gt;(WebDriverWait.java:43)
	at POMfile.loginPage.loginAction(loginPage.java:49)
	at POMfile.loginPage.login(loginPage.java:69)
	at Demo_Sep_TestCases.SEARCH_HOTEL_HOTELCONFIRMATION.validateErrorMessage(SEARCH_HOTEL_HOTELCONFIRMATION.java:43)
	at java.base/java.util.ArrayList.forEach(ArrayList.java:1511)
... Removed 25 stack frames
</div> <!-- stack-trace -->
                </div> <!-- method-content -->
              </div> <!-- method -->
              <div class="method">
                <div class="method-content">
                  <a name="validateErrorMessage(Melbourne, Hotel Creek, Standard, 2 - Two, 7/05/2023, 5/05/2023, 2 - Two, 2 - Two)">
                  </a> <!-- validateErrorMessage(Melbourne, Hotel Creek, Standard, 2 - Two, 7/05/2023, 5/05/2023, 2 - Two, 2 - Two) -->
                  <span class="method-name">validateErrorMessage</span>
                  <span class="parameters">(Melbourne, Hotel Creek, Standard, 2 - Two, 7/05/2023, 5/05/2023, 2 - Two, 2 - Two)</span>
                  <div class="stack-trace">java.lang.IllegalArgumentException: Input must be set
	at org.openqa.selenium.internal.Require.nonNull(Require.java:60)
	at org.openqa.selenium.support.ui.FluentWait.&lt;init&gt;(FluentWait.java:94)
	at org.openqa.selenium.support.ui.WebDriverWait.&lt;init&gt;(WebDriverWait.java:74)
	at org.openqa.selenium.support.ui.WebDriverWait.&lt;init&gt;(WebDriverWait.java:43)
	at POMfile.loginPage.loginAction(loginPage.java:49)
	at POMfile.loginPage.login(loginPage.java:69)
	at Demo_Sep_TestCases.SEARCH_HOTEL_HOTELCONFIRMATION.validateErrorMessage(SEARCH_HOTEL_HOTELCONFIRMATION.java:43)
	at java.base/java.util.ArrayList.forEach(ArrayList.java:1511)
... Removed 25 stack frames
</div> <!-- stack-trace -->
                </div> <!-- method-content -->
              </div> <!-- method -->
              <div class="method">
                <div class="method-content">
                  <a name="validateErrorMessage(Adelaide, Hotel Cornice, Deluxe, 4 - Four, 7/05/2023, 5/05/2023, 4 - Four, 4 - Four)">
                  </a> <!-- validateErrorMessage(Adelaide, Hotel Cornice, Deluxe, 4 - Four, 7/05/2023, 5/05/2023, 4 - Four, 4 - Four) -->
                  <span class="method-name">validateErrorMessage</span>
                  <span class="parameters">(Adelaide, Hotel Cornice, Deluxe, 4 - Four, 7/05/2023, 5/05/2023, 4 - Four, 4 - Four)</span>
                  <div class="stack-trace">java.lang.IllegalArgumentException: Input must be set
	at org.openqa.selenium.internal.Require.nonNull(Require.java:60)
	at org.openqa.selenium.support.ui.FluentWait.&lt;init&gt;(FluentWait.java:94)
	at org.openqa.selenium.support.ui.WebDriverWait.&lt;init&gt;(WebDriverWait.java:74)
	at org.openqa.selenium.support.ui.WebDriverWait.&lt;init&gt;(WebDriverWait.java:43)
	at POMfile.loginPage.loginAction(loginPage.java:49)
	at POMfile.loginPage.login(loginPage.java:69)
	at Demo_Sep_TestCases.SEARCH_HOTEL_HOTELCONFIRMATION.validateErrorMessage(SEARCH_HOTEL_HOTELCONFIRMATION.java:43)
	at java.base/java.util.ArrayList.forEach(ArrayList.java:1511)
... Removed 25 stack frames
</div> <!-- stack-trace -->
                </div> <!-- method-content -->
              </div> <!-- method -->
              <div class="method">
                <div class="method-content">
                  <a name="validateErrorMessage(New York, Hotel Creek, Standard, 6 - Six, 7/05/2023, 5/05/2023, 4 - Four, 4 - Four)">
                  </a> <!-- validateErrorMessage(New York, Hotel Creek, Standard, 6 - Six, 7/05/2023, 5/05/2023, 4 - Four, 4 - Four) -->
                  <span class="method-name">validateErrorMessage</span>
                  <span class="parameters">(New York, Hotel Creek, Standard, 6 - Six, 7/05/2023, 5/05/2023, 4 - Four, 4 - Four)</span>
                  <div class="stack-trace">java.lang.IllegalArgumentException: Input must be set
	at org.openqa.selenium.internal.Require.nonNull(Require.java:60)
	at org.openqa.selenium.support.ui.FluentWait.&lt;init&gt;(FluentWait.java:94)
	at org.openqa.selenium.support.ui.WebDriverWait.&lt;init&gt;(WebDriverWait.java:74)
	at org.openqa.selenium.support.ui.WebDriverWait.&lt;init&gt;(WebDriverWait.java:43)
	at POMfile.loginPage.loginAction(loginPage.java:49)
	at POMfile.loginPage.login(loginPage.java:69)
	at Demo_Sep_TestCases.SEARCH_HOTEL_HOTELCONFIRMATION.validateErrorMessage(SEARCH_HOTEL_HOTELCONFIRMATION.java:43)
	at java.base/java.util.ArrayList.forEach(ArrayList.java:1511)
... Removed 25 stack frames
</div> <!-- stack-trace -->
                </div> <!-- method-content -->
              </div> <!-- method -->
              <div class="method">
                <div class="method-content">
                  <a name="validateErrorMessage(Brisbane, Hotel Hervey, Double, 3 - Three, 7/05/2023, 5/05/2023, 3 - Three, 3 - Three)">
                  </a> <!-- validateErrorMessage(Brisbane, Hotel Hervey, Double, 3 - Three, 7/05/2023, 5/05/2023, 3 - Three, 3 - Three) -->
                  <span class="method-name">validateErrorMessage</span>
                  <span class="parameters">(Brisbane, Hotel Hervey, Double, 3 - Three, 7/05/2023, 5/05/2023, 3 - Three, 3 - Three)</span>
                  <div class="stack-trace">java.lang.IllegalArgumentException: Input must be set
	at org.openqa.selenium.internal.Require.nonNull(Require.java:60)
	at org.openqa.selenium.support.ui.FluentWait.&lt;init&gt;(FluentWait.java:94)
	at org.openqa.selenium.support.ui.WebDriverWait.&lt;init&gt;(WebDriverWait.java:74)
	at org.openqa.selenium.support.ui.WebDriverWait.&lt;init&gt;(WebDriverWait.java:43)
	at POMfile.loginPage.loginAction(loginPage.java:49)
	at POMfile.loginPage.login(loginPage.java:69)
	at Demo_Sep_TestCases.SEARCH_HOTEL_HOTELCONFIRMATION.validateErrorMessage(SEARCH_HOTEL_HOTELCONFIRMATION.java:43)
	at java.base/java.util.ArrayList.forEach(ArrayList.java:1511)
... Removed 25 stack frames
</div> <!-- stack-trace -->
                </div> <!-- method-content -->
              </div> <!-- method -->
              <div class="method">
                <div class="method-content">
                  <a name="validateErrorMessage(Paris, Hotel Creek, Standard, 9 - Nine, 7/05/2023, 5/05/2023, 4 - Four, 4 - Four)">
                  </a> <!-- validateErrorMessage(Paris, Hotel Creek, Standard, 9 - Nine, 7/05/2023, 5/05/2023, 4 - Four, 4 - Four) -->
                  <span class="method-name">validateErrorMessage</span>
                  <span class="parameters">(Paris, Hotel Creek, Standard, 9 - Nine, 7/05/2023, 5/05/2023, 4 - Four, 4 - Four)</span>
                  <div class="stack-trace">java.lang.IllegalArgumentException: Input must be set
	at org.openqa.selenium.internal.Require.nonNull(Require.java:60)
	at org.openqa.selenium.support.ui.FluentWait.&lt;init&gt;(FluentWait.java:94)
	at org.openqa.selenium.support.ui.WebDriverWait.&lt;init&gt;(WebDriverWait.java:74)
	at org.openqa.selenium.support.ui.WebDriverWait.&lt;init&gt;(WebDriverWait.java:43)
	at POMfile.loginPage.loginAction(loginPage.java:49)
	at POMfile.loginPage.login(loginPage.java:69)
	at Demo_Sep_TestCases.SEARCH_HOTEL_HOTELCONFIRMATION.validateErrorMessage(SEARCH_HOTEL_HOTELCONFIRMATION.java:43)
	at java.base/java.util.ArrayList.forEach(ArrayList.java:1511)
... Removed 25 stack frames
</div> <!-- stack-trace -->
                </div> <!-- method-content -->
              </div> <!-- method -->
              <div class="method">
                <div class="method-content">
                  <a name="validateErrorMessage(Sydney, Hotel Creek, Super Deluxe, 1 - One, 7/05/2023, 5/05/2023, 1 - One, 1 - One)">
                  </a> <!-- validateErrorMessage(Sydney, Hotel Creek, Super Deluxe, 1 - One, 7/05/2023, 5/05/2023, 1 - One, 1 - One) -->
                  <span class="method-name">validateErrorMessage</span>
                  <span class="parameters">(Sydney, Hotel Creek, Super Deluxe, 1 - One, 7/05/2023, 5/05/2023, 1 - One, 1 - One)</span>
                  <div class="stack-trace">java.lang.IllegalArgumentException: Input must be set
	at org.openqa.selenium.internal.Require.nonNull(Require.java:60)
	at org.openqa.selenium.support.ui.FluentWait.&lt;init&gt;(FluentWait.java:94)
	at org.openqa.selenium.support.ui.WebDriverWait.&lt;init&gt;(WebDriverWait.java:74)
	at org.openqa.selenium.support.ui.WebDriverWait.&lt;init&gt;(WebDriverWait.java:43)
	at POMfile.loginPage.loginAction(loginPage.java:49)
	at POMfile.loginPage.login(loginPage.java:69)
	at Demo_Sep_TestCases.SEARCH_HOTEL_HOTELCONFIRMATION.validateErrorMessage(SEARCH_HOTEL_HOTELCONFIRMATION.java:43)
	at java.base/java.util.ArrayList.forEach(ArrayList.java:1511)
... Removed 25 stack frames
</div> <!-- stack-trace -->
                </div> <!-- method-content -->
              </div> <!-- method -->
              <div class="method">
                <div class="method-content">
                  <a name="validateErrorMessage(Los, Hotel Creek, Standard, 7 - Seven, 7/05/2023, 5/05/2023, 4 - Four, 4 - Four)">
                  </a> <!-- validateErrorMessage(Los, Hotel Creek, Standard, 7 - Seven, 7/05/2023, 5/05/2023, 4 - Four, 4 - Four) -->
                  <span class="method-name">validateErrorMessage</span>
                  <span class="parameters">(Los, Hotel Creek, Standard, 7 - Seven, 7/05/2023, 5/05/2023, 4 - Four, 4 - Four)</span>
                  <div class="stack-trace">java.lang.IllegalArgumentException: Input must be set
	at org.openqa.selenium.internal.Require.nonNull(Require.java:60)
	at org.openqa.selenium.support.ui.FluentWait.&lt;init&gt;(FluentWait.java:94)
	at org.openqa.selenium.support.ui.WebDriverWait.&lt;init&gt;(WebDriverWait.java:74)
	at org.openqa.selenium.support.ui.WebDriverWait.&lt;init&gt;(WebDriverWait.java:43)
	at POMfile.loginPage.loginAction(loginPage.java:49)
	at POMfile.loginPage.login(loginPage.java:69)
	at Demo_Sep_TestCases.SEARCH_HOTEL_HOTELCONFIRMATION.validateErrorMessage(SEARCH_HOTEL_HOTELCONFIRMATION.java:43)
	at java.base/java.util.ArrayList.forEach(ArrayList.java:1511)
... Removed 25 stack frames
</div> <!-- stack-trace -->
                </div> <!-- method-content -->
              </div> <!-- method -->
              <div class="method">
                <div class="method-content">
                  <a name="validateErrorMessage(London, Hotel Creek, Standard, 5 - Five, 7/05/2023, 5/05/2023, 4 - Four, 4 - Four)">
                  </a> <!-- validateErrorMessage(London, Hotel Creek, Standard, 5 - Five, 7/05/2023, 5/05/2023, 4 - Four, 4 - Four) -->
                  <span class="method-name">validateErrorMessage</span>
                  <span class="parameters">(London, Hotel Creek, Standard, 5 - Five, 7/05/2023, 5/05/2023, 4 - Four, 4 - Four)</span>
                  <div class="stack-trace">java.lang.IllegalArgumentException: Input must be set
	at org.openqa.selenium.internal.Require.nonNull(Require.java:60)
	at org.openqa.selenium.support.ui.FluentWait.&lt;init&gt;(FluentWait.java:94)
	at org.openqa.selenium.support.ui.WebDriverWait.&lt;init&gt;(WebDriverWait.java:74)
	at org.openqa.selenium.support.ui.WebDriverWait.&lt;init&gt;(WebDriverWait.java:43)
	at POMfile.loginPage.loginAction(loginPage.java:49)
	at POMfile.loginPage.login(loginPage.java:69)
	at Demo_Sep_TestCases.SEARCH_HOTEL_HOTELCONFIRMATION.validateErrorMessage(SEARCH_HOTEL_HOTELCONFIRMATION.java:43)
	at java.base/java.util.ArrayList.forEach(ArrayList.java:1511)
... Removed 25 stack frames
</div> <!-- stack-trace -->
                </div> <!-- method-content -->
              </div> <!-- method -->
              <div class="method">
                <div class="method-content">
                  <a name="validatehotelSelectTitle(Sydney, Hotel Creek, Super Deluxe, 1 - One, 7/05/2023, 9/05/2023, 1 - One, 1 - One)">
                  </a> <!-- validatehotelSelectTitle(Sydney, Hotel Creek, Super Deluxe, 1 - One, 7/05/2023, 9/05/2023, 1 - One, 1 - One) -->
                  <span class="method-name">validatehotelSelectTitle</span>
                  <span class="parameters">(Sydney, Hotel Creek, Super Deluxe, 1 - One, 7/05/2023, 9/05/2023, 1 - One, 1 - One)</span>
                  <div class="stack-trace">java.lang.IllegalArgumentException: Input must be set
	at org.openqa.selenium.internal.Require.nonNull(Require.java:60)
	at org.openqa.selenium.support.ui.FluentWait.&lt;init&gt;(FluentWait.java:94)
	at org.openqa.selenium.support.ui.WebDriverWait.&lt;init&gt;(WebDriverWait.java:74)
	at org.openqa.selenium.support.ui.WebDriverWait.&lt;init&gt;(WebDriverWait.java:43)
	at POMfile.loginPage.loginAction(loginPage.java:49)
	at POMfile.loginPage.login(loginPage.java:69)
	at Demo_Sep_TestCases.SEARCH_HOTEL_HOTELCONFIRMATION.validatehotelSelectTitle(SEARCH_HOTEL_HOTELCONFIRMATION.java:98)
	at java.base/java.util.ArrayList.forEach(ArrayList.java:1511)
... Removed 25 stack frames
</div> <!-- stack-trace -->
                </div> <!-- method-content -->
              </div> <!-- method -->
              <div class="method">
                <div class="method-content">
                  <a name="validatehotelSelectTitle(Melbourne, Hotel Creek, Standard, 2 - Two, 7/05/2023, 9/05/2023, 2 - Two, 2 - Two)">
                  </a> <!-- validatehotelSelectTitle(Melbourne, Hotel Creek, Standard, 2 - Two, 7/05/2023, 9/05/2023, 2 - Two, 2 - Two) -->
                  <span class="method-name">validatehotelSelectTitle</span>
                  <span class="parameters">(Melbourne, Hotel Creek, Standard, 2 - Two, 7/05/2023, 9/05/2023, 2 - Two, 2 - Two)</span>
                  <div class="stack-trace">java.lang.IllegalArgumentException: Input must be set
	at org.openqa.selenium.internal.Require.nonNull(Require.java:60)
	at org.openqa.selenium.support.ui.FluentWait.&lt;init&gt;(FluentWait.java:94)
	at org.openqa.selenium.support.ui.WebDriverWait.&lt;init&gt;(WebDriverWait.java:74)
	at org.openqa.selenium.support.ui.WebDriverWait.&lt;init&gt;(WebDriverWait.java:43)
	at POMfile.loginPage.loginAction(loginPage.java:49)
	at POMfile.loginPage.login(loginPage.java:69)
	at Demo_Sep_TestCases.SEARCH_HOTEL_HOTELCONFIRMATION.validatehotelSelectTitle(SEARCH_HOTEL_HOTELCONFIRMATION.java:98)
	at java.base/java.util.ArrayList.forEach(ArrayList.java:1511)
... Removed 25 stack frames
</div> <!-- stack-trace -->
                </div> <!-- method-content -->
              </div> <!-- method -->
            </div> <!-- main-panel-content rounded-window-bottom -->
          </div> <!-- suite-Suite-class-failed -->
          <div class="suite-Suite-class-failed">
            <div class="main-panel-header rounded-window-top">
              <img src="failed.png"/>
              <span class="class-name">Demo_Sep_TestCases.HOMEPAGE_CURRENTURLVERIFICATION</span>
            </div> <!-- main-panel-header rounded-window-top -->
            <div class="main-panel-content rounded-window-bottom">
              <div class="method">
                <div class="method-content">
                  <a name="VerifyHoomepageCurrentUrl">
                  </a> <!-- VerifyHoomepageCurrentUrl -->
                  <span class="method-name">VerifyHoomepageCurrentUrl</span>
                  <div class="stack-trace">java.lang.IllegalArgumentException: Input must be set
	at org.openqa.selenium.internal.Require.nonNull(Require.java:60)
	at org.openqa.selenium.support.ui.FluentWait.&lt;init&gt;(FluentWait.java:94)
	at org.openqa.selenium.support.ui.WebDriverWait.&lt;init&gt;(WebDriverWait.java:74)
	at org.openqa.selenium.support.ui.WebDriverWait.&lt;init&gt;(WebDriverWait.java:43)
	at POMfile.loginPage.loginAction(loginPage.java:49)
	at POMfile.loginPage.login(loginPage.java:69)
	at Demo_Sep_TestCases.HOMEPAGE_CURRENTURLVERIFICATION.VerifyHoomepageCurrentUrl(HOMEPAGE_CURRENTURLVERIFICATION.java:37)
	at java.base/java.util.ArrayList.forEach(ArrayList.java:1511)
... Removed 25 stack frames
</div> <!-- stack-trace -->
                </div> <!-- method-content -->
              </div> <!-- method -->
            </div> <!-- main-panel-content rounded-window-bottom -->
          </div> <!-- suite-Suite-class-failed -->
          <div class="suite-Suite-class-failed">
            <div class="main-panel-header rounded-window-top">
              <img src="failed.png"/>
              <span class="class-name">Demo_Sep_TestCases.BOOK_HOTEL_SUCCESSFUL_BOOKING</span>
            </div> <!-- main-panel-header rounded-window-top -->
            <div class="main-panel-content rounded-window-bottom">
              <div class="method">
                <div class="method-content">
                  <a name="validateBookHotel(Vijay , VARMA , PUNE , 4032036442017900, American Express, January, 2027, 652, Sydney, Hotel Creek, ...)">
                  </a> <!-- validateBookHotel(Vijay , VARMA , PUNE , 4032036442017900, American Express, January, 2027, 652, Sydney, Hotel Creek, ...) -->
                  <span class="method-name">validateBookHotel</span>
                  <span class="parameters">(Vijay , VARMA , PUNE , 4032036442017900, American Express, January, 2027, 652, Sydney, Hotel Creek, Super Deluxe, 1 - One, 7/05/2023, 9/05/2023, 1 - One, 1 - One)</span>
                  <div class="stack-trace">java.lang.IllegalArgumentException: Input must be set
	at org.openqa.selenium.internal.Require.nonNull(Require.java:60)
	at org.openqa.selenium.support.ui.FluentWait.&lt;init&gt;(FluentWait.java:94)
	at org.openqa.selenium.support.ui.WebDriverWait.&lt;init&gt;(WebDriverWait.java:74)
	at org.openqa.selenium.support.ui.WebDriverWait.&lt;init&gt;(WebDriverWait.java:43)
	at POMfile.loginPage.loginAction(loginPage.java:49)
	at POMfile.loginPage.login(loginPage.java:69)
	at POMfile.serachHotelPage.hotelDetailsSubmission(serachHotelPage.java:278)
	at Demo_Sep_TestCases.BOOK_HOTEL_SUCCESSFUL_BOOKING.validateBookHotel(BOOK_HOTEL_SUCCESSFUL_BOOKING.java:40)
	at java.base/java.util.ArrayList.forEach(ArrayList.java:1511)
... Removed 25 stack frames
</div> <!-- stack-trace -->
                </div> <!-- method-content -->
              </div> <!-- method -->
            </div> <!-- main-panel-content rounded-window-bottom -->
          </div> <!-- suite-Suite-class-failed -->
        </div> <!-- panel Suite -->
        <div panel-name="test-xml-Suite" class="panel">
          <div class="main-panel-header rounded-window-top">
<<<<<<< HEAD
            <span class="header-content">C:\Users\webca\AppData\Local\Temp\testng-eclipse-57786147\testng-customsuite.xml</span>
=======
            <span class="header-content">C:\Users\k\git\seleniumpractice-sept2023\ExecutionTest.xml</span>
>>>>>>> master
          </div> <!-- main-panel-header rounded-window-top -->
          <div class="main-panel-content rounded-window-bottom">
            <pre>
&lt;?xml version=&quot;1.0&quot; encoding=&quot;UTF-8&quot;?&gt;
&lt;!DOCTYPE suite SYSTEM &quot;https://testng.org/testng-1.0.dtd&quot;&gt;
&lt;suite name=&quot;Suite&quot; guice-stage=&quot;DEVELOPMENT&quot;&gt;
  &lt;groups&gt;
    &lt;run&gt;
      &lt;include name=&quot;smoke&quot;/&gt;
      &lt;include name=&quot;regression&quot;/&gt;
      &lt;include name=&quot;integration&quot;/&gt;
    &lt;/run&gt;
  &lt;/groups&gt;
  &lt;groups&gt;
    &lt;run&gt;
      &lt;include name=&quot;smoke&quot;/&gt;
      &lt;include name=&quot;regression&quot;/&gt;
      &lt;include name=&quot;integration&quot;/&gt;
    &lt;/run&gt;
  &lt;/groups&gt;
  &lt;test thread-count=&quot;5&quot; name=&quot;Test&quot;&gt;
    &lt;classes&gt;
<<<<<<< HEAD
      &lt;class name=&quot;Demo_Sep_TestCases.LOGOUT_VALIDATECREDENTIAL&quot;&gt;
        &lt;methods&gt;
          &lt;include name=&quot;validateLogoutFunctiionality&quot;/&gt;
        &lt;/methods&gt;
      &lt;/class&gt; &lt;!-- Demo_Sep_TestCases.LOGOUT_VALIDATECREDENTIAL --&gt;
=======
      &lt;class name=&quot;Demo_Sep_TestCases.SEARCH_HOTEL_HOTELCONFIRMATION&quot;/&gt;
      &lt;class name=&quot;Demo_Sep_TestCases.BOOK_HOTEL_SUCCESSFUL_BOOKING&quot;/&gt;
      &lt;class name=&quot;Demo_Sep_TestCases.HOMEPAGE_CURRENTURLVERIFICATION&quot;/&gt;
      &lt;class name=&quot;Demo_Sep_TestCases.SEARCH_HOTEL_DATEINTEGRATIONIT&quot;/&gt;
      &lt;class name=&quot;Demo_Sep_TestCases.HOMEPAGE_TITLE_VERIFICATION&quot;/&gt;
      &lt;class name=&quot;Demo_Sep_TestCases.BOOK_HOTEL_PRICE_TEST&quot;/&gt;
>>>>>>> master
    &lt;/classes&gt;
  &lt;/test&gt; &lt;!-- Test --&gt;
&lt;/suite&gt; &lt;!-- Suite --&gt;
            </pre>
          </div> <!-- main-panel-content rounded-window-bottom -->
        </div> <!-- panel -->
        <div panel-name="testlist-Suite" class="panel">
          <div class="main-panel-header rounded-window-top">
            <span class="header-content">Tests for Suite</span>
          </div> <!-- main-panel-header rounded-window-top -->
          <div class="main-panel-content rounded-window-bottom">
            <ul>
              <li>
                <span class="test-name">Test (6 classes)</span>
              </li>
            </ul>
          </div> <!-- main-panel-content rounded-window-bottom -->
        </div> <!-- panel -->
        <div panel-name="group-Suite" class="panel">
          <div class="main-panel-header rounded-window-top">
            <span class="header-content">Groups for Suite</span>
          </div> <!-- main-panel-header rounded-window-top -->
          <div class="main-panel-content rounded-window-bottom">
<<<<<<< HEAD
=======
            <div class="test-group">
              <span class="test-group-name">integration</span>
              <br/>
              <div class="method-in-group">
                <span class="method-in-group-name">validateHomepageTitle</span>
                <br/>
              </div> <!-- method-in-group -->
              <div class="method-in-group">
                <span class="method-in-group-name">validatehotelSelectTitle</span>
                <br/>
              </div> <!-- method-in-group -->
              <div class="method-in-group">
                <span class="method-in-group-name">verify_date_time</span>
                <br/>
              </div> <!-- method-in-group -->
            </div> <!-- test-group -->
            <div class="test-group">
              <span class="test-group-name">regression</span>
              <br/>
              <div class="method-in-group">
                <span class="method-in-group-name">VerifyHoomepageCurrentUrl</span>
                <br/>
              </div> <!-- method-in-group -->
              <div class="method-in-group">
                <span class="method-in-group-name">validateErrorMessage</span>
                <br/>
              </div> <!-- method-in-group -->
            </div> <!-- test-group -->
            <div class="test-group">
              <span class="test-group-name">smoke</span>
              <br/>
              <div class="method-in-group">
                <span class="method-in-group-name">validateBookHotel</span>
                <br/>
              </div> <!-- method-in-group -->
              <div class="method-in-group">
                <span class="method-in-group-name">validatehotelSelectTitle</span>
                <br/>
              </div> <!-- method-in-group -->
              <div class="method-in-group">
                <span class="method-in-group-name">vlaidate_pricefield_bookedhotel_Page</span>
                <br/>
              </div> <!-- method-in-group -->
            </div> <!-- test-group -->
>>>>>>> master
          </div> <!-- main-panel-content rounded-window-bottom -->
        </div> <!-- panel -->
        <div panel-name="times-Suite" class="panel">
          <div class="main-panel-header rounded-window-top">
            <span class="header-content">Times for Suite</span>
          </div> <!-- main-panel-header rounded-window-top -->
          <div class="main-panel-content rounded-window-bottom">
            <div class="times-div">
              <script type="text/javascript">
suiteTableInitFunctions.push('tableData_Suite');
function tableData_Suite() {
var data = new google.visualization.DataTable();
data.addColumn('number', 'Number');
data.addColumn('string', 'Method');
data.addColumn('string', 'Class');
data.addColumn('number', 'Time (ms)');
data.addRows(17);
data.setCell(0, 0, 0)
<<<<<<< HEAD
data.setCell(0, 1, 'validateLogoutFunctiionality')
data.setCell(0, 2, 'Demo_Sep_TestCases.LOGOUT_VALIDATECREDENTIAL')
data.setCell(0, 3, 1834);
window.suiteTableData['Default_suite']= { tableData: data, tableDiv: 'times-div-Default_suite'}
return data;
}
              </script>
              <span class="suite-total-time">Total running time: 1 seconds</span>
              <div id="times-div-Default_suite">
              </div> <!-- times-div-Default_suite -->
=======
data.setCell(0, 1, 'validateErrorMessage')
data.setCell(0, 2, 'Demo_Sep_TestCases.SEARCH_HOTEL_HOTELCONFIRMATION')
data.setCell(0, 3, 175);
data.setCell(1, 0, 1)
data.setCell(1, 1, 'verify_date_time')
data.setCell(1, 2, 'Demo_Sep_TestCases.SEARCH_HOTEL_DATEINTEGRATIONIT')
data.setCell(1, 3, 23);
data.setCell(2, 0, 2)
data.setCell(2, 1, 'validateBookHotel')
data.setCell(2, 2, 'Demo_Sep_TestCases.BOOK_HOTEL_SUCCESSFUL_BOOKING')
data.setCell(2, 3, 17);
data.setCell(3, 0, 3)
data.setCell(3, 1, 'VerifyHoomepageCurrentUrl')
data.setCell(3, 2, 'Demo_Sep_TestCases.HOMEPAGE_CURRENTURLVERIFICATION')
data.setCell(3, 3, 12);
data.setCell(4, 0, 4)
data.setCell(4, 1, 'validateErrorMessage')
data.setCell(4, 2, 'Demo_Sep_TestCases.SEARCH_HOTEL_HOTELCONFIRMATION')
data.setCell(4, 3, 11);
data.setCell(5, 0, 5)
data.setCell(5, 1, 'validateErrorMessage')
data.setCell(5, 2, 'Demo_Sep_TestCases.SEARCH_HOTEL_HOTELCONFIRMATION')
data.setCell(5, 3, 8);
data.setCell(6, 0, 6)
data.setCell(6, 1, 'validateErrorMessage')
data.setCell(6, 2, 'Demo_Sep_TestCases.SEARCH_HOTEL_HOTELCONFIRMATION')
data.setCell(6, 3, 8);
data.setCell(7, 0, 7)
data.setCell(7, 1, 'validateErrorMessage')
data.setCell(7, 2, 'Demo_Sep_TestCases.SEARCH_HOTEL_HOTELCONFIRMATION')
data.setCell(7, 3, 7);
data.setCell(8, 0, 8)
data.setCell(8, 1, 'vlaidate_pricefield_bookedhotel_Page')
data.setCell(8, 2, 'Demo_Sep_TestCases.BOOK_HOTEL_PRICE_TEST')
data.setCell(8, 3, 7);
data.setCell(9, 0, 9)
data.setCell(9, 1, 'validatehotelSelectTitle')
data.setCell(9, 2, 'Demo_Sep_TestCases.SEARCH_HOTEL_HOTELCONFIRMATION')
data.setCell(9, 3, 6);
data.setCell(10, 0, 10)
data.setCell(10, 1, 'validateErrorMessage')
data.setCell(10, 2, 'Demo_Sep_TestCases.SEARCH_HOTEL_HOTELCONFIRMATION')
data.setCell(10, 3, 6);
data.setCell(11, 0, 11)
data.setCell(11, 1, 'validateHomepageTitle')
data.setCell(11, 2, 'Demo_Sep_TestCases.HOMEPAGE_TITLE_VERIFICATION')
data.setCell(11, 3, 6);
data.setCell(12, 0, 12)
data.setCell(12, 1, 'validateErrorMessage')
data.setCell(12, 2, 'Demo_Sep_TestCases.SEARCH_HOTEL_HOTELCONFIRMATION')
data.setCell(12, 3, 6);
data.setCell(13, 0, 13)
data.setCell(13, 1, 'validatehotelSelectTitle')
data.setCell(13, 2, 'Demo_Sep_TestCases.SEARCH_HOTEL_HOTELCONFIRMATION')
data.setCell(13, 3, 5);
data.setCell(14, 0, 14)
data.setCell(14, 1, 'validateErrorMessage')
data.setCell(14, 2, 'Demo_Sep_TestCases.SEARCH_HOTEL_HOTELCONFIRMATION')
data.setCell(14, 3, 4);
data.setCell(15, 0, 15)
data.setCell(15, 1, 'validateErrorMessage')
data.setCell(15, 2, 'Demo_Sep_TestCases.SEARCH_HOTEL_HOTELCONFIRMATION')
data.setCell(15, 3, 4);
data.setCell(16, 0, 16)
data.setCell(16, 1, 'validatehotelSelectTitle')
data.setCell(16, 2, 'Demo_Sep_TestCases.BOOK_HOTEL_PRICE_TEST')
data.setCell(16, 3, 0);
window.suiteTableData['Suite']= { tableData: data, tableDiv: 'times-div-Suite'}
return data;
}
              </script>
              <span class="suite-total-time">Total running time: 305 ms</span>
              <div id="times-div-Suite">
              </div> <!-- times-div-Suite -->
>>>>>>> master
            </div> <!-- times-div -->
          </div> <!-- main-panel-content rounded-window-bottom -->
        </div> <!-- panel -->
        <div panel-name="reporter-Suite" class="panel">
          <div class="main-panel-header rounded-window-top">
            <span class="header-content">Reporter output for Suite</span>
          </div> <!-- main-panel-header rounded-window-top -->
          <div class="main-panel-content rounded-window-bottom">
          </div> <!-- main-panel-content rounded-window-bottom -->
        </div> <!-- panel -->
        <div panel-name="ignored-methods-Suite" class="panel">
          <div class="main-panel-header rounded-window-top">
            <span class="header-content">0 ignored methods</span>
          </div> <!-- main-panel-header rounded-window-top -->
          <div class="main-panel-content rounded-window-bottom">
          </div> <!-- main-panel-content rounded-window-bottom -->
        </div> <!-- panel -->
        <div panel-name="chronological-Suite" class="panel">
          <div class="main-panel-header rounded-window-top">
            <span class="header-content">Methods in chronological order</span>
          </div> <!-- main-panel-header rounded-window-top -->
          <div class="main-panel-content rounded-window-bottom">
            <div class="chronological-class">
<<<<<<< HEAD
              <div class="chronological-class-name">Demo_Sep_TestCases.LOGOUT_VALIDATECREDENTIAL</div> <!-- chronological-class-name -->
              <div class="configuration-method before">
                <span class="method-name">lounching</span>
                <span class="method-start">0 ms</span>
              </div> <!-- configuration-method before -->
              <div class="test-method">
                <span class="method-name">validateLogoutFunctiionality</span>
                <span class="method-start">13390 ms</span>
              </div> <!-- test-method -->
              <div class="configuration-method after">
                <span class="method-name">tearDown</span>
                <span class="method-start">15230 ms</span>
              </div> <!-- configuration-method after -->
=======
              <div class="chronological-class-name">Demo_Sep_TestCases.SEARCH_HOTEL_HOTELCONFIRMATION</div> <!-- chronological-class-name -->
              <div class="test-method">
                <img src="failed.png">
                </img>
                <span class="method-name">validateErrorMessage(Sydney, Hotel Creek, Super Deluxe, 1 - One, 7/05/2023, 5/05/2023, 1 - One, 1 - One)</span>
                <span class="method-start">0 ms</span>
              </div> <!-- test-method -->
              <div class="test-method">
                <img src="failed.png">
                </img>
                <span class="method-name">validateErrorMessage(Melbourne, Hotel Creek, Standard, 2 - Two, 7/05/2023, 5/05/2023, 2 - Two, 2 - Two)</span>
                <span class="method-start">183 ms</span>
              </div> <!-- test-method -->
              <div class="test-method">
                <img src="failed.png">
                </img>
                <span class="method-name">validateErrorMessage(Brisbane, Hotel Hervey, Double, 3 - Three, 7/05/2023, 5/05/2023, 3 - Three, 3 - Three)</span>
                <span class="method-start">195 ms</span>
              </div> <!-- test-method -->
              <div class="test-method">
                <img src="failed.png">
                </img>
                <span class="method-name">validateErrorMessage(Adelaide, Hotel Cornice, Deluxe, 4 - Four, 7/05/2023, 5/05/2023, 4 - Four, 4 - Four)</span>
                <span class="method-start">207 ms</span>
              </div> <!-- test-method -->
              <div class="test-method">
                <img src="failed.png">
                </img>
                <span class="method-name">validateErrorMessage(London, Hotel Creek, Standard, 5 - Five, 7/05/2023, 5/05/2023, 4 - Four, 4 - Four)</span>
                <span class="method-start">224 ms</span>
              </div> <!-- test-method -->
              <div class="test-method">
                <img src="failed.png">
                </img>
                <span class="method-name">validateErrorMessage(New York, Hotel Creek, Standard, 6 - Six, 7/05/2023, 5/05/2023, 4 - Four, 4 - Four)</span>
                <span class="method-start">236 ms</span>
              </div> <!-- test-method -->
              <div class="test-method">
                <img src="failed.png">
                </img>
                <span class="method-name">validateErrorMessage(Los, Hotel Creek, Standard, 7 - Seven, 7/05/2023, 5/05/2023, 4 - Four, 4 - Four)</span>
                <span class="method-start">246 ms</span>
              </div> <!-- test-method -->
              <div class="test-method">
                <img src="failed.png">
                </img>
                <span class="method-name">validateErrorMessage(Angeles, Hotel Creek, Standard, 8 - Eight, 7/05/2023, 5/05/2023, 4 - Four, 4 - Four)</span>
                <span class="method-start">255 ms</span>
              </div> <!-- test-method -->
              <div class="test-method">
                <img src="failed.png">
                </img>
                <span class="method-name">validateErrorMessage(Paris, Hotel Creek, Standard, 9 - Nine, 7/05/2023, 5/05/2023, 4 - Four, 4 - Four)</span>
                <span class="method-start">261 ms</span>
              </div> <!-- test-method -->
              <div class="test-method">
                <img src="failed.png">
                </img>
                <span class="method-name">validatehotelSelectTitle(Sydney, Hotel Creek, Super Deluxe, 1 - One, 7/05/2023, 9/05/2023, 1 - One, 1 - One)</span>
                <span class="method-start">670 ms</span>
              </div> <!-- test-method -->
              <div class="test-method">
                <img src="failed.png">
                </img>
                <span class="method-name">validatehotelSelectTitle(Melbourne, Hotel Creek, Standard, 2 - Two, 7/05/2023, 9/05/2023, 2 - Two, 2 - Two)</span>
                <span class="method-start">679 ms</span>
              </div> <!-- test-method -->
            </div> <!-- chronological-class -->
            <div class="chronological-class">
              <div class="chronological-class-name">Demo_Sep_TestCases.BOOK_HOTEL_SUCCESSFUL_BOOKING</div> <!-- chronological-class-name -->
              <div class="test-method">
                <img src="failed.png">
                </img>
                <span class="method-name">validateBookHotel(Vijay , VARMA , PUNE , 4032036442017900, American Express, January, 2027, 652, Sydney, Hotel Creek, ...)</span>
                <span class="method-start">1061 ms</span>
              </div> <!-- test-method -->
            </div> <!-- chronological-class -->
            <div class="chronological-class">
              <div class="chronological-class-name">Demo_Sep_TestCases.HOMEPAGE_CURRENTURLVERIFICATION</div> <!-- chronological-class-name -->
              <div class="test-method">
                <img src="failed.png">
                </img>
                <span class="method-name">VerifyHoomepageCurrentUrl</span>
                <span class="method-start">1082 ms</span>
              </div> <!-- test-method -->
            </div> <!-- chronological-class -->
            <div class="chronological-class">
              <div class="chronological-class-name">Demo_Sep_TestCases.SEARCH_HOTEL_DATEINTEGRATIONIT</div> <!-- chronological-class-name -->
              <div class="test-method">
                <img src="failed.png">
                </img>
                <span class="method-name">verify_date_time(Sydney, Hotel Creek, Super Deluxe, 1 - One, 7/05/2023, 9/05/2023, 1 - One, 1 - One, valid)</span>
                <span class="method-start">1236 ms</span>
              </div> <!-- test-method -->
            </div> <!-- chronological-class -->
            <div class="chronological-class">
              <div class="chronological-class-name">Demo_Sep_TestCases.HOMEPAGE_TITLE_VERIFICATION</div> <!-- chronological-class-name -->
              <div class="test-method">
                <img src="failed.png">
                </img>
                <span class="method-name">validateHomepageTitle</span>
                <span class="method-start">1262 ms</span>
              </div> <!-- test-method -->
            </div> <!-- chronological-class -->
            <div class="chronological-class">
              <div class="chronological-class-name">Demo_Sep_TestCases.BOOK_HOTEL_PRICE_TEST</div> <!-- chronological-class-name -->
              <div class="test-method">
                <img src="failed.png">
                </img>
                <span class="method-name">vlaidate_pricefield_bookedhotel_Page(Sydney, Hotel Creek, Super Deluxe, 1 - One, 7/05/2023, 9/05/2023, 1 - One, 1 - One)</span>
                <span class="method-start">1447 ms</span>
              </div> <!-- test-method -->
>>>>>>> master
          </div> <!-- main-panel-content rounded-window-bottom -->
        </div> <!-- panel -->
      </div> <!-- main-panel-root -->
    </div> <!-- wrapper -->
  </body>
<script type="text/javascript" src="testng-reports2.js"></script>
</html>
