<?xml version="1.0" encoding="UTF-8"?>
<testng-results ignored="1" total="4" passed="3" failed="0" skipped="0">
  <reporter-output>
  </reporter-output>
  <suite started-at="2023-10-14T22:48:32 IST" name="Default suite" finished-at="2023-10-14T22:49:39 IST" duration-ms="67487">
    <groups>
      <group name="comman">
        <method signature="demo_testcase_SearchHotel.validatehotelSelectTitle(java.lang.String,java.lang.String,java.lang.String,java.lang.String,java.lang.String,java.lang.String,java.lang.String,java.lang.String)[pri:0, instance:Demo_Sep_TestCases.demo_testcase_SearchHotel@515aebb0]" name="validatehotelSelectTitle" class="Demo_Sep_TestCases.demo_testcase_SearchHotel"/>
      </group> <!-- comman -->
    </groups>
    <test started-at="2023-10-14T22:48:32 IST" name="Default test" finished-at="2023-10-14T22:49:39 IST" duration-ms="67487">
      <class name="Demo_Sep_TestCases.demo_testcase_105">
        <test-method is-config="true" signature="lounching()[pri:0, instance:Demo_Sep_TestCases.demo_testcase_105@5fdcaa40]" started-at="2023-10-14T22:49:27 IST" name="lounching" finished-at="2023-10-14T22:49:39 IST" duration-ms="11507" status="PASS">
          <reporter-output>
          </reporter-output>
        </test-method> <!-- lounching -->
        <test-method signature="verify_date_time()[pri:0, instance:Demo_Sep_TestCases.demo_testcase_105@5fdcaa40]" started-at="2023-10-14T22:49:39 IST" name="verify_date_time" depends-on-groups="comman" finished-at="2023-10-14T22:49:39 IST" duration-ms="1" status="PASS">
          <reporter-output>
          </reporter-output>
        </test-method> <!-- verify_date_time -->
        <test-method is-config="true" signature="tearDown()[pri:0, instance:Demo_Sep_TestCases.demo_testcase_105@5fdcaa40]" started-at="2023-10-14T22:49:39 IST" name="tearDown" finished-at="2023-10-14T22:49:39 IST" duration-ms="735" status="PASS">
          <reporter-output>
          </reporter-output>
        </test-method> <!-- tearDown -->
      </class> <!-- Demo_Sep_TestCases.demo_testcase_105 -->
      <class name="Demo_Sep_TestCases.demo_testcase_SearchHotel">
        <test-method is-config="true" signature="lounching()[pri:0, instance:Demo_Sep_TestCases.demo_testcase_SearchHotel@515aebb0]" started-at="2023-10-14T22:48:34 IST" name="lounching" finished-at="2023-10-14T22:48:45 IST" duration-ms="10512" status="PASS">
          <reporter-output>
          </reporter-output>
        </test-method> <!-- lounching -->
        <test-method signature="validatehotelSelectTitle(java.lang.String,java.lang.String,java.lang.String,java.lang.String,java.lang.String,java.lang.String,java.lang.String,java.lang.String)[pri:0, instance:Demo_Sep_TestCases.demo_testcase_SearchHotel@515aebb0]" started-at="2023-10-14T22:48:45 IST" name="validatehotelSelectTitle" data-provider="test2" finished-at="2023-10-14T22:49:00 IST" duration-ms="15116" status="PASS">
          <params>
            <param index="0">
              <value>
                <![CDATA[Sydney]]>
              </value>
            </param>
            <param index="1">
              <value>
                <![CDATA[Hotel Creek]]>
              </value>
            </param>
            <param index="2">
              <value>
                <![CDATA[Super Deluxe]]>
              </value>
            </param>
            <param index="3">
              <value>
                <![CDATA[1 - One]]>
              </value>
            </param>
            <param index="4">
              <value>
                <![CDATA[7/05/2023]]>
              </value>
            </param>
            <param index="5">
              <value>
                <![CDATA[9/05/2023]]>
              </value>
            </param>
            <param index="6">
              <value>
                <![CDATA[1 - One]]>
              </value>
            </param>
            <param index="7">
              <value>
                <![CDATA[1 - One]]>
              </value>
            </param>
          </params>
          <reporter-output>
          </reporter-output>
        </test-method> <!-- validatehotelSelectTitle -->
        <test-method is-config="true" signature="tearDown()[pri:0, instance:Demo_Sep_TestCases.demo_testcase_SearchHotel@515aebb0]" started-at="2023-10-14T22:49:00 IST" name="tearDown" finished-at="2023-10-14T22:49:01 IST" duration-ms="971" status="PASS">
          <reporter-output>
          </reporter-output>
        </test-method> <!-- tearDown -->
        <test-method is-config="true" signature="lounching()[pri:0, instance:Demo_Sep_TestCases.demo_testcase_SearchHotel@515aebb0]" started-at="2023-10-14T22:49:01 IST" name="lounching" finished-at="2023-10-14T22:49:12 IST" duration-ms="10986" status="PASS">
          <reporter-output>
          </reporter-output>
        </test-method> <!-- lounching -->
        <test-method signature="validatehotelSelectTitle(java.lang.String,java.lang.String,java.lang.String,java.lang.String,java.lang.String,java.lang.String,java.lang.String,java.lang.String)[pri:0, instance:Demo_Sep_TestCases.demo_testcase_SearchHotel@515aebb0]" started-at="2023-10-14T22:49:12 IST" name="validatehotelSelectTitle" data-provider="test2" finished-at="2023-10-14T22:49:27 IST" duration-ms="14873" status="PASS">
          <params>
            <param index="0">
              <value>
                <![CDATA[Melbourne]]>
              </value>
            </param>
            <param index="1">
              <value>
                <![CDATA[Hotel Creek]]>
              </value>
            </param>
            <param index="2">
              <value>
                <![CDATA[Standard]]>
              </value>
            </param>
            <param index="3">
              <value>
                <![CDATA[2 - Two]]>
              </value>
            </param>
            <param index="4">
              <value>
                <![CDATA[7/05/2023]]>
              </value>
            </param>
            <param index="5">
              <value>
                <![CDATA[9/05/2023]]>
              </value>
            </param>
            <param index="6">
              <value>
                <![CDATA[2 - Two]]>
              </value>
            </param>
            <param index="7">
              <value>
                <![CDATA[2 - Two]]>
              </value>
            </param>
          </params>
          <reporter-output>
          </reporter-output>
        </test-method> <!-- validatehotelSelectTitle -->
        <test-method is-config="true" signature="tearDown()[pri:0, instance:Demo_Sep_TestCases.demo_testcase_SearchHotel@515aebb0]" started-at="2023-10-14T22:49:27 IST" name="tearDown" finished-at="2023-10-14T22:49:27 IST" duration-ms="643" status="PASS">
          <reporter-output>
          </reporter-output>
        </test-method> <!-- tearDown -->
      </class> <!-- Demo_Sep_TestCases.demo_testcase_SearchHotel -->
    </test> <!-- Default test -->
  </suite> <!-- Default suite -->
</testng-results>
