<?xml version="1.0" encoding="UTF-8"?>
<testng-results ignored="0" total="1" passed="1" failed="0" skipped="0">
  <reporter-output>
  </reporter-output>
  <suite started-at="2023-10-16T10:49:45 IST" name="Default suite" finished-at="2023-10-16T10:50:01 IST" duration-ms="16147">
    <groups>
    </groups>
    <test started-at="2023-10-16T10:49:45 IST" name="Default test" finished-at="2023-10-16T10:50:01 IST" duration-ms="16147">
      <class name="Demo_Sep_TestCases.demo_sep23_HomeCurrentUrl">
        <test-method is-config="true" signature="lounching()[pri:0, instance:Demo_Sep_TestCases.demo_sep23_HomeCurrentUrl@645aa696]" started-at="2023-10-16T10:49:45 IST" name="lounching" finished-at="2023-10-16T10:49:59 IST" duration-ms="14051" status="PASS">
          <reporter-output>
          </reporter-output>
        </test-method> <!-- lounching -->
        <test-method signature="VerifyHoomepageCurrentUrl()[pri:0, instance:Demo_Sep_TestCases.demo_sep23_HomeCurrentUrl@645aa696]" started-at="2023-10-16T10:49:59 IST" name="VerifyHoomepageCurrentUrl" finished-at="2023-10-16T10:50:00 IST" duration-ms="1418" status="PASS">
          <reporter-output>
          </reporter-output>
        </test-method> <!-- VerifyHoomepageCurrentUrl -->
        <test-method is-config="true" signature="tearDown()[pri:0, instance:Demo_Sep_TestCases.demo_sep23_HomeCurrentUrl@645aa696]" started-at="2023-10-16T10:50:01 IST" name="tearDown" finished-at="2023-10-16T10:50:01 IST" duration-ms="643" status="PASS">
          <reporter-output>
          </reporter-output>
        </test-method> <!-- tearDown -->
      </class> <!-- Demo_Sep_TestCases.demo_sep23_HomeCurrentUrl -->
    </test> <!-- Default test -->
  </suite> <!-- Default suite -->
</testng-results>
