<?xml version="1.0" encoding="UTF-8"?>
<testng-results ignored="0" total="1" passed="1" failed="0" skipped="0">
  <reporter-output>
  </reporter-output>
  <suite started-at="2023-10-15T17:56:49 IST" name="Default suite" finished-at="2023-10-15T17:57:11 IST" duration-ms="22020">
    <groups>
    </groups>
    <test started-at="2023-10-15T17:56:49 IST" name="Default test" finished-at="2023-10-15T17:57:11 IST" duration-ms="22020">
      <class name="Demo_Sep_TestCases.demo_testcase_105">
        <test-method is-config="true" signature="lounching()[pri:0, instance:Demo_Sep_TestCases.demo_testcase_105@1d296da]" started-at="2023-10-15T17:56:49 IST" name="lounching" finished-at="2023-10-15T17:56:56 IST" duration-ms="6323" status="PASS">
          <reporter-output>
          </reporter-output>
        </test-method> <!-- lounching -->
        <test-method signature="verify_date_time(java.lang.String,java.lang.String,java.lang.String,java.lang.String,java.lang.String,java.lang.String,java.lang.String,java.lang.String,java.lang.String)[pri:0, instance:Demo_Sep_TestCases.demo_testcase_105@1d296da]" started-at="2023-10-15T17:56:56 IST" name="verify_date_time" data-provider="hotelDetails" finished-at="2023-10-15T17:57:10 IST" duration-ms="14340" status="PASS">
          <params>
            <param index="0">
              <value>
                <![CDATA[Sydney]]>
              </value>
            </param>
            <param index="1">
              <value>
                <![CDATA[Hotel Creek]]>
              </value>
            </param>
            <param index="2">
              <value>
                <![CDATA[Super Deluxe]]>
              </value>
            </param>
            <param index="3">
              <value>
                <![CDATA[1 - One]]>
              </value>
            </param>
            <param index="4">
              <value>
                <![CDATA[7/05/2023]]>
              </value>
            </param>
            <param index="5">
              <value>
                <![CDATA[9/05/2023]]>
              </value>
            </param>
            <param index="6">
              <value>
                <![CDATA[1 - One]]>
              </value>
            </param>
            <param index="7">
              <value>
                <![CDATA[1 - One]]>
              </value>
            </param>
            <param index="8">
              <value>
                <![CDATA[valid]]>
              </value>
            </param>
          </params>
          <reporter-output>
          </reporter-output>
        </test-method> <!-- verify_date_time -->
        <test-method is-config="true" signature="tearDown()[pri:0, instance:Demo_Sep_TestCases.demo_testcase_105@1d296da]" started-at="2023-10-15T17:57:10 IST" name="tearDown" finished-at="2023-10-15T17:57:11 IST" duration-ms="625" status="PASS">
          <reporter-output>
          </reporter-output>
        </test-method> <!-- tearDown -->
      </class> <!-- Demo_Sep_TestCases.demo_testcase_105 -->
    </test> <!-- Default test -->
  </suite> <!-- Default suite -->
</testng-results>
