<?xml version="1.0" encoding="UTF-8"?>
<testng-results ignored="0" total="1" passed="1" failed="0" skipped="0">
  <reporter-output>
  </reporter-output>
  <suite started-at="2023-11-24T14:14:45 IST" name="Default suite" finished-at="2023-11-24T14:16:28 IST" duration-ms="102925">
    <groups>
    </groups>
    <test started-at="2023-11-24T14:14:45 IST" name="Default test" finished-at="2023-11-24T14:16:28 IST" duration-ms="102925">
      <class name="Demo_Sep_TestCases.Booked_Itinerary_DataTest">
        <test-method is-config="true" signature="lounching()[pri:0, instance:Demo_Sep_TestCases.Booked_Itinerary_DataTest@1d296da]" started-at="2023-11-24T14:14:46 IST" name="lounching" finished-at="2023-11-24T14:14:49 IST" duration-ms="3359" status="PASS">
          <reporter-output>
          </reporter-output>
        </test-method> <!-- lounching -->
        <test-method signature="verfyBookedData(java.lang.String,java.lang.String,java.lang.String,java.lang.String,java.lang.String,java.lang.String,java.lang.String,java.lang.String,java.lang.String)[pri:0, instance:Demo_Sep_TestCases.Booked_Itinerary_DataTest@1d296da]" started-at="2023-11-24T14:14:49 IST" name="verfyBookedData" data-provider="itineraryData" finished-at="2023-11-24T14:16:27 IST" duration-ms="97892" status="PASS">
          <params>
            <param index="0">
              <value>
                <![CDATA[Sydney]]>
              </value>
            </param>
            <param index="1">
              <value>
                <![CDATA[Hotel Creek]]>
              </value>
            </param>
            <param index="2">
              <value>
                <![CDATA[Super Deluxe]]>
              </value>
            </param>
            <param index="3">
              <value>
                <![CDATA[1 - One]]>
              </value>
            </param>
            <param index="4">
              <value>
                <![CDATA[7/05/2023]]>
              </value>
            </param>
            <param index="5">
              <value>
                <![CDATA[9/05/2023]]>
              </value>
            </param>
            <param index="6">
              <value>
                <![CDATA[1 - One]]>
              </value>
            </param>
            <param index="7">
              <value>
                <![CDATA[1 - One]]>
              </value>
            </param>
            <param index="8">
              <value>
                <![CDATA[valid]]>
              </value>
            </param>
          </params>
          <reporter-output>
          </reporter-output>
        </test-method> <!-- verfyBookedData -->
        <test-method is-config="true" signature="tearDown()[pri:0, instance:Demo_Sep_TestCases.Booked_Itinerary_DataTest@1d296da]" started-at="2023-11-24T14:16:27 IST" name="tearDown" finished-at="2023-11-24T14:16:28 IST" duration-ms="631" status="PASS">
          <reporter-output>
          </reporter-output>
        </test-method> <!-- tearDown -->
      </class> <!-- Demo_Sep_TestCases.Booked_Itinerary_DataTest -->
    </test> <!-- Default test -->
  </suite> <!-- Default suite -->
</testng-results>
