<?xml version="1.0" encoding="UTF-8"?>
<testng-results ignored="0" total="1" passed="1" failed="0" skipped="0">
  <reporter-output>
  </reporter-output>
  <suite started-at="2023-10-05T19:19:18 IST" name="Default suite" finished-at="2023-10-05T19:19:54 IST" duration-ms="35675">
    <groups>
    </groups>
    <test started-at="2023-10-05T19:19:18 IST" name="Default test" finished-at="2023-10-05T19:19:54 IST" duration-ms="35675">
      <class name="Demo_Sep_TestCases.demo_sep23_BookHotel">
        <test-method is-config="true" signature="lounching()[pri:0, instance:Demo_Sep_TestCases.demo_sep23_BookHotel@13c9d689]" started-at="2023-10-05T19:19:19 IST" name="lounching" finished-at="2023-10-05T19:19:32 IST" duration-ms="12700" status="PASS">
          <reporter-output>
          </reporter-output>
        </test-method> <!-- lounching -->
        <test-method signature="validateBookHotel(java.lang.String,java.lang.String,java.lang.String,java.lang.String,java.lang.String,java.lang.String,java.lang.String,java.lang.String,java.lang.String,java.lang.String,java.lang.String,java.lang.String,java.lang.String,java.lang.String,java.lang.String,java.lang.String)[pri:0, instance:Demo_Sep_TestCases.demo_sep23_BookHotel@13c9d689]" started-at="2023-10-05T19:19:32 IST" name="validateBookHotel" data-provider="test" finished-at="2023-10-05T19:19:54 IST" duration-ms="21642" status="PASS">
          <params>
            <param index="0">
              <value>
                <![CDATA[Vijay ]]>
              </value>
            </param>
            <param index="1">
              <value>
                <![CDATA[VARMA ]]>
              </value>
            </param>
            <param index="2">
              <value>
                <![CDATA[PUNE ]]>
              </value>
            </param>
            <param index="3">
              <value>
                <![CDATA[4032036442017900]]>
              </value>
            </param>
            <param index="4">
              <value>
                <![CDATA[American Express]]>
              </value>
            </param>
            <param index="5">
              <value>
                <![CDATA[January]]>
              </value>
            </param>
            <param index="6">
              <value>
                <![CDATA[2027]]>
              </value>
            </param>
            <param index="7">
              <value>
                <![CDATA[652]]>
              </value>
            </param>
            <param index="8">
              <value>
                <![CDATA[Sydney]]>
              </value>
            </param>
            <param index="9">
              <value>
                <![CDATA[Hotel Creek]]>
              </value>
            </param>
            <param index="10">
              <value>
                <![CDATA[Super Deluxe]]>
              </value>
            </param>
            <param index="11">
              <value>
                <![CDATA[1 - One]]>
              </value>
            </param>
            <param index="12">
              <value>
                <![CDATA[7/05/2023]]>
              </value>
            </param>
            <param index="13">
              <value>
                <![CDATA[9/05/2023]]>
              </value>
            </param>
            <param index="14">
              <value>
                <![CDATA[1 - One]]>
              </value>
            </param>
            <param index="15">
              <value>
                <![CDATA[1 - One]]>
              </value>
            </param>
          </params>
          <reporter-output>
          </reporter-output>
        </test-method> <!-- validateBookHotel -->
        <test-method is-config="true" signature="tearDown()[pri:0, instance:Demo_Sep_TestCases.demo_sep23_BookHotel@13c9d689]" started-at="2023-10-05T19:19:54 IST" name="tearDown" finished-at="2023-10-05T19:19:54 IST" duration-ms="506" status="PASS">
          <reporter-output>
          </reporter-output>
        </test-method> <!-- tearDown -->
      </class> <!-- Demo_Sep_TestCases.demo_sep23_BookHotel -->
    </test> <!-- Default test -->
  </suite> <!-- Default suite -->
</testng-results>
