<?xml version="1.0" encoding="UTF-8"?>
<testng-results ignored="0" total="1" passed="1" failed="0" skipped="0">
  <reporter-output>
  </reporter-output>
  <suite started-at="2023-10-21T18:43:40 IST" name="Default suite" finished-at="2023-10-21T18:44:04 IST" duration-ms="23708">
    <groups>
      <group name="hotelfunction">
        <method signature="BOOK_HOTEL_PRICE_TEST.vlaidate_pricefield_bookedhotel_Page(java.lang.String,java.lang.String,java.lang.String,java.lang.String,java.lang.String,java.lang.String,java.lang.String,java.lang.String)[pri:0, instance:Demo_Sep_TestCases.BOOK_HOTEL_PRICE_TEST@75d4a5c2]" name="vlaidate_pricefield_bookedhotel_Page" class="Demo_Sep_TestCases.BOOK_HOTEL_PRICE_TEST"/>
      </group> <!-- hotelfunction -->
    </groups>
    <test started-at="2023-10-21T18:43:40 IST" name="Default test" finished-at="2023-10-21T18:44:04 IST" duration-ms="23708">
      <class name="Demo_Sep_TestCases.BOOK_HOTEL_PRICE_TEST">
        <test-method is-config="true" signature="lounching()[pri:0, instance:Demo_Sep_TestCases.BOOK_HOTEL_PRICE_TEST@75d4a5c2]" started-at="2023-10-21T18:43:41 IST" name="lounching" finished-at="2023-10-21T18:43:47 IST" duration-ms="6204" status="PASS">
          <reporter-output>
          </reporter-output>
        </test-method> <!-- lounching -->
        <test-method signature="vlaidate_pricefield_bookedhotel_Page(java.lang.String,java.lang.String,java.lang.String,java.lang.String,java.lang.String,java.lang.String,java.lang.String,java.lang.String)[pri:0, instance:Demo_Sep_TestCases.BOOK_HOTEL_PRICE_TEST@75d4a5c2]" started-at="2023-10-21T18:43:47 IST" name="vlaidate_pricefield_bookedhotel_Page" data-provider="hotelPricedata" finished-at="2023-10-21T18:44:03 IST" duration-ms="15912" status="PASS">
          <params>
            <param index="0">
              <value>
                <![CDATA[Sydney]]>
              </value>
            </param>
            <param index="1">
              <value>
                <![CDATA[Hotel Creek]]>
              </value>
            </param>
            <param index="2">
              <value>
                <![CDATA[Super Deluxe]]>
              </value>
            </param>
            <param index="3">
              <value>
                <![CDATA[1 - One]]>
              </value>
            </param>
            <param index="4">
              <value>
                <![CDATA[7/05/2023]]>
              </value>
            </param>
            <param index="5">
              <value>
                <![CDATA[9/05/2023]]>
              </value>
            </param>
            <param index="6">
              <value>
                <![CDATA[1 - One]]>
              </value>
            </param>
            <param index="7">
              <value>
                <![CDATA[1 - One]]>
              </value>
            </param>
          </params>
          <reporter-output>
          </reporter-output>
        </test-method> <!-- vlaidate_pricefield_bookedhotel_Page -->
        <test-method is-config="true" signature="tearDown()[pri:0, instance:Demo_Sep_TestCases.BOOK_HOTEL_PRICE_TEST@75d4a5c2]" started-at="2023-10-21T18:44:03 IST" name="tearDown" finished-at="2023-10-21T18:44:04 IST" duration-ms="736" status="PASS">
          <reporter-output>
          </reporter-output>
        </test-method> <!-- tearDown -->
      </class> <!-- Demo_Sep_TestCases.BOOK_HOTEL_PRICE_TEST -->
    </test> <!-- Default test -->
  </suite> <!-- Default suite -->
</testng-results>
