<?xml version="1.0" encoding="UTF-8"?>
<testng-results ignored="0" total="1" passed="1" failed="0" skipped="0">
  <reporter-output>
  </reporter-output>
  <suite started-at="2023-11-02T23:44:01 IST" name="Default suite" finished-at="2023-11-02T23:44:17 IST" duration-ms="15995">
    <groups>
    </groups>
    <test started-at="2023-11-02T23:44:01 IST" name="Default test" finished-at="2023-11-02T23:44:17 IST" duration-ms="15995">
      <class name="Demo_Sep_TestCases.LOGOUT_VALIDATECREDENTIAL">
        <test-method is-config="true" signature="lounching()[pri:0, instance:Demo_Sep_TestCases.LOGOUT_VALIDATECREDENTIAL@397fbdb]" started-at="2023-11-02T23:44:01 IST" name="lounching" finished-at="2023-11-02T23:44:14 IST" duration-ms="13388" status="PASS">
          <reporter-output>
          </reporter-output>
        </test-method> <!-- lounching -->
        <test-method signature="validateLogoutFunctiionality()[pri:0, instance:Demo_Sep_TestCases.LOGOUT_VALIDATECREDENTIAL@397fbdb]" started-at="2023-11-02T23:44:14 IST" name="validateLogoutFunctiionality" finished-at="2023-11-02T23:44:16 IST" duration-ms="1834" status="PASS">
          <reporter-output>
          </reporter-output>
        </test-method> <!-- validateLogoutFunctiionality -->
        <test-method is-config="true" signature="tearDown()[pri:0, instance:Demo_Sep_TestCases.LOGOUT_VALIDATECREDENTIAL@397fbdb]" started-at="2023-11-02T23:44:16 IST" name="tearDown" finished-at="2023-11-02T23:44:17 IST" duration-ms="735" status="PASS">
          <reporter-output>
          </reporter-output>
        </test-method> <!-- tearDown -->
      </class> <!-- Demo_Sep_TestCases.LOGOUT_VALIDATECREDENTIAL -->
    </test> <!-- Default test -->
  </suite> <!-- Default suite -->
</testng-results>
